{"/Users/jgp/GitHub/pi-que/components/segment-form.tsx": {"path":"/Users/jgp/GitHub/pi-que/components/segment-form.tsx","statementMap":{"0":{"start":{"line":26,"column":16},"end":{"line":26,"column":28}},"1":{"start":{"line":3,"column":44},"end":{"line":3,"column":null}},"2":{"start":{"line":4,"column":74},"end":{"line":4,"column":null}},"3":{"start":{"line":5,"column":23},"end":{"line":5,"column":null}},"4":{"start":{"line":6,"column":22},"end":{"line":6,"column":null}},"5":{"start":{"line":7,"column":22},"end":{"line":7,"column":null}},"6":{"start":{"line":8,"column":25},"end":{"line":8,"column":null}},"7":{"start":{"line":9,"column":85},"end":{"line":9,"column":null}},"8":{"start":{"line":10,"column":22},"end":{"line":10,"column":null}},"9":{"start":{"line":11,"column":27},"end":{"line":11,"column":null}},"10":{"start":{"line":12,"column":49},"end":{"line":12,"column":null}},"11":{"start":{"line":36,"column":38},"end":{"line":41,"column":null}},"12":{"start":{"line":43,"column":24},"end":{"line":43,"column":null}},"13":{"start":{"line":44,"column":25},"end":{"line":44,"column":null}},"14":{"start":{"line":45,"column":28},"end":{"line":45,"column":null}},"15":{"start":{"line":46,"column":31},"end":{"line":46,"column":null}},"16":{"start":{"line":49,"column":2},"end":{"line":74,"column":null}},"17":{"start":{"line":51,"column":25},"end":{"line":51,"column":84}},"18":{"start":{"line":52,"column":25},"end":{"line":52,"column":79}},"19":{"start":{"line":53,"column":28},"end":{"line":53,"column":95}},"20":{"start":{"line":55,"column":4},"end":{"line":73,"column":null}},"21":{"start":{"line":56,"column":6},"end":{"line":56,"column":null}},"22":{"start":{"line":59,"column":6},"end":{"line":59,"column":null}},"23":{"start":{"line":60,"column":6},"end":{"line":60,"column":null}},"24":{"start":{"line":61,"column":6},"end":{"line":61,"column":null}},"25":{"start":{"line":64,"column":6},"end":{"line":72,"column":null}},"26":{"start":{"line":76,"column":32},"end":{"line":82,"column":null}},"27":{"start":{"line":77,"column":24},"end":{"line":77,"column":null}},"28":{"start":{"line":78,"column":4},"end":{"line":81,"column":null}},"29":{"start":{"line":78,"column":29},"end":{"line":81,"column":null}},"30":{"start":{"line":84,"column":30},"end":{"line":90,"column":null}},"31":{"start":{"line":85,"column":24},"end":{"line":85,"column":null}},"32":{"start":{"line":86,"column":4},"end":{"line":89,"column":null}},"33":{"start":{"line":86,"column":29},"end":{"line":89,"column":null}},"34":{"start":{"line":92,"column":22},"end":{"line":95,"column":null}},"35":{"start":{"line":93,"column":22},"end":{"line":93,"column":null}},"36":{"start":{"line":94,"column":4},"end":{"line":94,"column":null}},"37":{"start":{"line":97,"column":20},"end":{"line":100,"column":null}},"38":{"start":{"line":98,"column":20},"end":{"line":98,"column":null}},"39":{"start":{"line":99,"column":4},"end":{"line":99,"column":null}},"40":{"start":{"line":102,"column":27},"end":{"line":164,"column":null}},"41":{"start":{"line":103,"column":4},"end":{"line":111,"column":null}},"42":{"start":{"line":104,"column":6},"end":{"line":108,"column":null}},"43":{"start":{"line":109,"column":6},"end":{"line":109,"column":null}},"44":{"start":{"line":110,"column":6},"end":{"line":110,"column":null}},"45":{"start":{"line":113,"column":4},"end":{"line":120,"column":null}},"46":{"start":{"line":114,"column":6},"end":{"line":118,"column":null}},"47":{"start":{"line":119,"column":6},"end":{"line":119,"column":null}},"48":{"start":{"line":122,"column":28},"end":{"line":122,"column":null}},"49":{"start":{"line":123,"column":4},"end":{"line":130,"column":null}},"50":{"start":{"line":124,"column":6},"end":{"line":128,"column":null}},"51":{"start":{"line":129,"column":6},"end":{"line":129,"column":null}},"52":{"start":{"line":132,"column":25},"end":{"line":132,"column":null}},"53":{"start":{"line":133,"column":23},"end":{"line":133,"column":null}},"54":{"start":{"line":135,"column":29},"end":{"line":144,"column":null}},"55":{"start":{"line":146,"column":4},"end":{"line":146,"column":null}},"56":{"start":{"line":149,"column":4},"end":{"line":156,"column":null}},"57":{"start":{"line":158,"column":4},"end":{"line":158,"column":null}},"58":{"start":{"line":160,"column":4},"end":{"line":163,"column":null}},"59":{"start":{"line":186,"column":31},"end":{"line":186,"column":null}},"60":{"start":{"line":186,"column":56},"end":{"line":186,"column":null}},"61":{"start":{"line":196,"column":31},"end":{"line":196,"column":null}},"62":{"start":{"line":196,"column":56},"end":{"line":196,"column":null}},"63":{"start":{"line":209,"column":35},"end":{"line":209,"column":null}},"64":{"start":{"line":209,"column":60},"end":{"line":209,"column":null}},"65":{"start":{"line":228,"column":35},"end":{"line":228,"column":null}},"66":{"start":{"line":228,"column":60},"end":{"line":228,"column":null}}},"fnMap":{"0":{"name":"SegmentForm","decl":{"start":{"line":26,"column":16},"end":{"line":26,"column":28}},"loc":{"start":{"line":35,"column":19},"end":{"line":249,"column":null}}},"1":{"name":"(anonymous_2)","decl":{"start":{"line":49,"column":12},"end":{"line":49,"column":null}},"loc":{"start":{"line":49,"column":12},"end":{"line":74,"column":5}}},"2":{"name":"(anonymous_3)","decl":{"start":{"line":76,"column":32},"end":{"line":76,"column":null}},"loc":{"start":{"line":76,"column":32},"end":{"line":82,"column":null}}},"3":{"name":"(anonymous_4)","decl":{"start":{"line":78,"column":18},"end":{"line":78,"column":19}},"loc":{"start":{"line":78,"column":29},"end":{"line":81,"column":null}}},"4":{"name":"(anonymous_5)","decl":{"start":{"line":84,"column":30},"end":{"line":84,"column":null}},"loc":{"start":{"line":84,"column":30},"end":{"line":90,"column":null}}},"5":{"name":"(anonymous_6)","decl":{"start":{"line":86,"column":18},"end":{"line":86,"column":19}},"loc":{"start":{"line":86,"column":29},"end":{"line":89,"column":null}}},"6":{"name":"(anonymous_7)","decl":{"start":{"line":92,"column":22},"end":{"line":92,"column":null}},"loc":{"start":{"line":92,"column":22},"end":{"line":95,"column":null}}},"7":{"name":"(anonymous_8)","decl":{"start":{"line":97,"column":20},"end":{"line":97,"column":null}},"loc":{"start":{"line":97,"column":20},"end":{"line":100,"column":null}}},"8":{"name":"(anonymous_9)","decl":{"start":{"line":102,"column":27},"end":{"line":102,"column":null}},"loc":{"start":{"line":102,"column":27},"end":{"line":164,"column":null}}},"9":{"name":"(anonymous_10)","decl":{"start":{"line":186,"column":24},"end":{"line":186,"column":25}},"loc":{"start":{"line":186,"column":31},"end":{"line":186,"column":null}}},"10":{"name":"(anonymous_11)","decl":{"start":{"line":186,"column":45},"end":{"line":186,"column":46}},"loc":{"start":{"line":186,"column":56},"end":{"line":186,"column":null}}},"11":{"name":"(anonymous_12)","decl":{"start":{"line":196,"column":24},"end":{"line":196,"column":25}},"loc":{"start":{"line":196,"column":31},"end":{"line":196,"column":null}}},"12":{"name":"(anonymous_13)","decl":{"start":{"line":196,"column":45},"end":{"line":196,"column":46}},"loc":{"start":{"line":196,"column":56},"end":{"line":196,"column":null}}},"13":{"name":"(anonymous_14)","decl":{"start":{"line":209,"column":28},"end":{"line":209,"column":29}},"loc":{"start":{"line":209,"column":35},"end":{"line":209,"column":null}}},"14":{"name":"(anonymous_15)","decl":{"start":{"line":209,"column":49},"end":{"line":209,"column":50}},"loc":{"start":{"line":209,"column":60},"end":{"line":209,"column":null}}},"15":{"name":"(anonymous_16)","decl":{"start":{"line":228,"column":28},"end":{"line":228,"column":29}},"loc":{"start":{"line":228,"column":35},"end":{"line":228,"column":null}}},"16":{"name":"(anonymous_17)","decl":{"start":{"line":228,"column":49},"end":{"line":228,"column":50}},"loc":{"start":{"line":228,"column":60},"end":{"line":228,"column":null}}}},"branchMap":{"0":{"loc":{"start":{"line":51,"column":25},"end":{"line":51,"column":84}},"type":"binary-expr","locations":[{"start":{"line":51,"column":25},"end":{"line":51,"column":43}},{"start":{"line":51,"column":43},"end":{"line":51,"column":84}}]},"1":{"loc":{"start":{"line":52,"column":25},"end":{"line":52,"column":79}},"type":"binary-expr","locations":[{"start":{"line":52,"column":25},"end":{"line":52,"column":39}},{"start":{"line":52,"column":39},"end":{"line":52,"column":79}}]},"2":{"loc":{"start":{"line":53,"column":28},"end":{"line":53,"column":95}},"type":"binary-expr","locations":[{"start":{"line":53,"column":28},"end":{"line":53,"column":49}},{"start":{"line":53,"column":49},"end":{"line":53,"column":95}}]},"3":{"loc":{"start":{"line":55,"column":4},"end":{"line":73,"column":null}},"type":"if","locations":[{"start":{"line":55,"column":4},"end":{"line":73,"column":null}},{"start":{},"end":{}}]},"4":{"loc":{"start":{"line":55,"column":8},"end":{"line":55,"column":57}},"type":"binary-expr","locations":[{"start":{"line":55,"column":8},"end":{"line":55,"column":24}},{"start":{"line":55,"column":24},"end":{"line":55,"column":40}},{"start":{"line":55,"column":40},"end":{"line":55,"column":57}}]},"5":{"loc":{"start":{"line":65,"column":15},"end":{"line":65,"column":null}},"type":"binary-expr","locations":[{"start":{"line":65,"column":15},"end":{"line":65,"column":29}},{"start":{"line":65,"column":29},"end":{"line":65,"column":null}}]},"6":{"loc":{"start":{"line":69,"column":10},"end":{"line":71,"column":null}},"type":"cond-expr","locations":[{"start":{"line":70,"column":14},"end":{"line":70,"column":101}},{"start":{"line":71,"column":14},"end":{"line":71,"column":null}}]},"7":{"loc":{"start":{"line":103,"column":4},"end":{"line":111,"column":null}},"type":"if","locations":[{"start":{"line":103,"column":4},"end":{"line":111,"column":null}},{"start":{},"end":{}}]},"8":{"loc":{"start":{"line":113,"column":4},"end":{"line":120,"column":null}},"type":"if","locations":[{"start":{"line":113,"column":4},"end":{"line":120,"column":null}},{"start":{},"end":{}}]},"9":{"loc":{"start":{"line":113,"column":8},"end":{"line":113,"column":71}},"type":"binary-expr","locations":[{"start":{"line":113,"column":8},"end":{"line":113,"column":27}},{"start":{"line":113,"column":27},"end":{"line":113,"column":48}},{"start":{"line":113,"column":52},"end":{"line":113,"column":71}}]},"10":{"loc":{"start":{"line":123,"column":4},"end":{"line":130,"column":null}},"type":"if","locations":[{"start":{"line":123,"column":4},"end":{"line":130,"column":null}},{"start":{},"end":{}}]},"11":{"loc":{"start":{"line":150,"column":13},"end":{"line":150,"column":null}},"type":"binary-expr","locations":[{"start":{"line":150,"column":13},"end":{"line":150,"column":27}},{"start":{"line":150,"column":27},"end":{"line":150,"column":null}}]},"12":{"loc":{"start":{"line":153,"column":15},"end":{"line":155,"column":null}},"type":"cond-expr","locations":[{"start":{"line":154,"column":10},"end":{"line":154,"column":97}},{"start":{"line":155,"column":10},"end":{"line":155,"column":null}}]},"13":{"loc":{"start":{"line":174,"column":24},"end":{"line":174,"column":61}},"type":"cond-expr","locations":[{"start":{"line":174,"column":24},"end":{"line":174,"column":61}}]},"14":{"loc":{"start":{"line":177,"column":7},"end":{"line":177,"column":null}},"type":"binary-expr","locations":[{"start":{"line":177,"column":7},"end":{"line":177,"column":null}}]}},"s":{"0":0,"1":0,"2":0,"3":0,"4":0,"5":0,"6":0,"7":0,"8":0,"9":0,"10":0,"11":0,"12":0,"13":0,"14":0,"15":0,"16":0,"17":0,"18":0,"19":0,"20":0,"21":0,"22":0,"23":0,"24":0,"25":0,"26":0,"27":0,"28":0,"29":0,"30":0,"31":0,"32":0,"33":0,"34":0,"35":0,"36":0,"37":0,"38":0,"39":0,"40":0,"41":0,"42":0,"43":0,"44":0,"45":0,"46":0,"47":0,"48":0,"49":0,"50":0,"51":0,"52":0,"53":0,"54":0,"55":0,"56":0,"57":0,"58":0,"59":0,"60":0,"61":0,"62":0,"63":0,"64":0,"65":0,"66":0},"f":{"0":0,"1":0,"2":0,"3":0,"4":0,"5":0,"6":0,"7":0,"8":0,"9":0,"10":0,"11":0,"12":0,"13":0,"14":0,"15":0,"16":0},"b":{"0":[0,0],"1":[0,0],"2":[0,0],"3":[0,0],"4":[0,0,0],"5":[0,0],"6":[0,0],"7":[0,0],"8":[0,0],"9":[0,0,0],"10":[0,0],"11":[0,0],"12":[0,0],"13":[0],"14":[0]}}
,"/Users/jgp/GitHub/pi-que/components/segments-tab.tsx": {"path":"/Users/jgp/GitHub/pi-que/components/segments-tab.tsx","statementMap":{"0":{"start":{"line":24,"column":16},"end":{"line":24,"column":28}},"1":{"start":{"line":5,"column":25},"end":{"line":5,"column":null}},"2":{"start":{"line":6,"column":74},"end":{"line":6,"column":null}},"3":{"start":{"line":7,"column":23},"end":{"line":7,"column":null}},"4":{"start":{"line":8,"column":98},"end":{"line":8,"column":null}},"5":{"start":{"line":9,"column":30},"end":{"line":9,"column":null}},"6":{"start":{"line":10,"column":29},"end":{"line":10,"column":null}},"7":{"start":{"line":34,"column":50},"end":{"line":34,"column":null}},"8":{"start":{"line":35,"column":52},"end":{"line":35,"column":null}},"9":{"start":{"line":36,"column":40},"end":{"line":36,"column":null}},"10":{"start":{"line":38,"column":33},"end":{"line":46,"column":null}},"11":{"start":{"line":39,"column":24},"end":{"line":39,"column":null}},"12":{"start":{"line":40,"column":4},"end":{"line":44,"column":null}},"13":{"start":{"line":41,"column":6},"end":{"line":41,"column":null}},"14":{"start":{"line":43,"column":6},"end":{"line":43,"column":null}},"15":{"start":{"line":45,"column":4},"end":{"line":45,"column":null}},"16":{"start":{"line":48,"column":28},"end":{"line":54,"column":null}},"17":{"start":{"line":49,"column":4},"end":{"line":53,"column":null}},"18":{"start":{"line":50,"column":6},"end":{"line":50,"column":null}},"19":{"start":{"line":52,"column":6},"end":{"line":52,"column":null}},"20":{"start":{"line":52,"column":54},"end":{"line":52,"column":58}},"21":{"start":{"line":56,"column":35},"end":{"line":61,"column":null}},"22":{"start":{"line":57,"column":35},"end":{"line":57,"column":null}},"23":{"start":{"line":57,"column":64},"end":{"line":57,"column":null}},"24":{"start":{"line":58,"column":4},"end":{"line":58,"column":null}},"25":{"start":{"line":59,"column":4},"end":{"line":59,"column":null}},"26":{"start":{"line":60,"column":4},"end":{"line":60,"column":null}},"27":{"start":{"line":63,"column":26},"end":{"line":66,"column":null}},"28":{"start":{"line":64,"column":4},"end":{"line":64,"column":null}},"29":{"start":{"line":65,"column":4},"end":{"line":65,"column":null}},"30":{"start":{"line":68,"column":25},"end":{"line":71,"column":null}},"31":{"start":{"line":69,"column":4},"end":{"line":69,"column":null}},"32":{"start":{"line":70,"column":4},"end":{"line":70,"column":null}},"33":{"start":{"line":73,"column":21},"end":{"line":80,"column":null}},"34":{"start":{"line":74,"column":4},"end":{"line":74,"column":null}},"35":{"start":{"line":75,"column":4},"end":{"line":75,"column":null}},"36":{"start":{"line":75,"column":22},"end":{"line":75,"column":null}},"37":{"start":{"line":77,"column":30},"end":{"line":77,"column":null}},"38":{"start":{"line":78,"column":4},"end":{"line":78,"column":null}},"39":{"start":{"line":79,"column":4},"end":{"line":79,"column":null}},"40":{"start":{"line":104,"column":20},"end":{"line":104,"column":null}},"41":{"start":{"line":105,"column":20},"end":{"line":105,"column":null}},"42":{"start":{"line":117,"column":18},"end":{"line":117,"column":null}},"43":{"start":{"line":118,"column":18},"end":{"line":118,"column":null}},"44":{"start":{"line":131,"column":12},"end":{"line":132,"column":null}},"45":{"start":{"line":134,"column":34},"end":{"line":134,"column":null}},"46":{"start":{"line":136,"column":29},"end":{"line":136,"column":null}},"47":{"start":{"line":144,"column":29},"end":{"line":144,"column":null}},"48":{"start":{"line":158,"column":40},"end":{"line":158,"column":null}},"49":{"start":{"line":178,"column":71},"end":{"line":178,"column":95}},"50":{"start":{"line":181,"column":71},"end":{"line":181,"column":95}},"51":{"start":{"line":184,"column":53},"end":{"line":184,"column":76}},"52":{"start":{"line":187,"column":75},"end":{"line":187,"column":104}}},"fnMap":{"0":{"name":"SegmentsTab","decl":{"start":{"line":24,"column":16},"end":{"line":24,"column":28}},"loc":{"start":{"line":33,"column":19},"end":{"line":206,"column":null}}},"1":{"name":"(anonymous_2)","decl":{"start":{"line":38,"column":33},"end":{"line":38,"column":34}},"loc":{"start":{"line":38,"column":34},"end":{"line":46,"column":null}}},"2":{"name":"(anonymous_3)","decl":{"start":{"line":48,"column":28},"end":{"line":48,"column":null}},"loc":{"start":{"line":48,"column":28},"end":{"line":54,"column":null}}},"3":{"name":"(anonymous_4)","decl":{"start":{"line":52,"column":47},"end":{"line":52,"column":48}},"loc":{"start":{"line":52,"column":54},"end":{"line":52,"column":58}}},"4":{"name":"(anonymous_5)","decl":{"start":{"line":56,"column":35},"end":{"line":56,"column":null}},"loc":{"start":{"line":56,"column":35},"end":{"line":61,"column":null}}},"5":{"name":"(anonymous_6)","decl":{"start":{"line":57,"column":51},"end":{"line":57,"column":52}},"loc":{"start":{"line":57,"column":64},"end":{"line":57,"column":null}}},"6":{"name":"(anonymous_7)","decl":{"start":{"line":63,"column":26},"end":{"line":63,"column":27}},"loc":{"start":{"line":63,"column":59},"end":{"line":66,"column":null}}},"7":{"name":"(anonymous_8)","decl":{"start":{"line":68,"column":25},"end":{"line":68,"column":26}},"loc":{"start":{"line":68,"column":26},"end":{"line":71,"column":null}}},"8":{"name":"(anonymous_9)","decl":{"start":{"line":73,"column":21},"end":{"line":73,"column":22}},"loc":{"start":{"line":73,"column":42},"end":{"line":80,"column":null}}},"9":{"name":"(anonymous_10)","decl":{"start":{"line":103,"column":27},"end":{"line":103,"column":null}},"loc":{"start":{"line":103,"column":27},"end":{"line":106,"column":null}}},"10":{"name":"(anonymous_11)","decl":{"start":{"line":116,"column":25},"end":{"line":116,"column":null}},"loc":{"start":{"line":116,"column":25},"end":{"line":119,"column":null}}},"11":{"name":"(anonymous_12)","decl":{"start":{"line":130,"column":24},"end":{"line":130,"column":25}},"loc":{"start":{"line":131,"column":12},"end":{"line":132,"column":null}}},"12":{"name":"(anonymous_13)","decl":{"start":{"line":134,"column":27},"end":{"line":134,"column":28}},"loc":{"start":{"line":134,"column":34},"end":{"line":134,"column":null}}},"13":{"name":"(anonymous_14)","decl":{"start":{"line":136,"column":22},"end":{"line":136,"column":23}},"loc":{"start":{"line":136,"column":29},"end":{"line":136,"column":null}}},"14":{"name":"(anonymous_15)","decl":{"start":{"line":144,"column":23},"end":{"line":144,"column":29}},"loc":{"start":{"line":144,"column":29},"end":{"line":144,"column":null}}},"15":{"name":"(anonymous_16)","decl":{"start":{"line":158,"column":34},"end":{"line":158,"column":40}},"loc":{"start":{"line":158,"column":40},"end":{"line":158,"column":null}}},"16":{"name":"(anonymous_17)","decl":{"start":{"line":178,"column":65},"end":{"line":178,"column":71}},"loc":{"start":{"line":178,"column":71},"end":{"line":178,"column":95}}},"17":{"name":"(anonymous_18)","decl":{"start":{"line":181,"column":65},"end":{"line":181,"column":71}},"loc":{"start":{"line":181,"column":71},"end":{"line":181,"column":95}}},"18":{"name":"(anonymous_19)","decl":{"start":{"line":184,"column":47},"end":{"line":184,"column":53}},"loc":{"start":{"line":184,"column":53},"end":{"line":184,"column":76}}},"19":{"name":"(anonymous_20)","decl":{"start":{"line":187,"column":69},"end":{"line":187,"column":75}},"loc":{"start":{"line":187,"column":75},"end":{"line":187,"column":104}}}},"branchMap":{"0":{"loc":{"start":{"line":40,"column":4},"end":{"line":44,"column":null}},"type":"if","locations":[{"start":{"line":40,"column":4},"end":{"line":44,"column":null}},{"start":{"line":42,"column":11},"end":{"line":44,"column":null}}]},"1":{"loc":{"start":{"line":49,"column":4},"end":{"line":53,"column":null}},"type":"if","locations":[{"start":{"line":49,"column":4},"end":{"line":53,"column":null}},{"start":{"line":51,"column":11},"end":{"line":53,"column":null}}]},"2":{"loc":{"start":{"line":75,"column":4},"end":{"line":75,"column":null}},"type":"if","locations":[{"start":{"line":75,"column":4},"end":{"line":75,"column":null}},{"start":{},"end":{}}]},"3":{"loc":{"start":{"line":83,"column":21},"end":{"line":83,"column":null}},"type":"cond-expr","locations":[{"start":{"line":83,"column":35},"end":{"line":83,"column":61}},{"start":{"line":83,"column":61},"end":{"line":83,"column":null}}]},"4":{"loc":{"start":{"line":91,"column":13},"end":{"line":91,"column":null}},"type":"binary-expr","locations":[{"start":{"line":91,"column":13},"end":{"line":91,"column":null}}]},"5":{"loc":{"start":{"line":94,"column":19},"end":{"line":94,"column":null}},"type":"cond-expr","locations":[{"start":{"line":94,"column":63},"end":{"line":94,"column":73}},{"start":{"line":94,"column":73},"end":{"line":94,"column":null}}]},"6":{"loc":{"start":{"line":112,"column":13},"end":{"line":112,"column":35}},"type":"binary-expr","locations":[{"start":{"line":112,"column":13},"end":{"line":112,"column":35}},{"start":{"line":112,"column":35},"end":{"line":112,"column":null}}]},"7":{"loc":{"start":{"line":129,"column":53},"end":{"line":129,"column":114}},"type":"cond-expr","locations":[{"start":{"line":129,"column":67},"end":{"line":129,"column":97}},{"start":{"line":129,"column":97},"end":{"line":129,"column":114}}]},"8":{"loc":{"start":{"line":138,"column":16},"end":{"line":142,"column":null}},"type":"cond-expr","locations":[{"start":{"line":139,"column":20},"end":{"line":141,"column":null}},{"start":{"line":142,"column":20},"end":{"line":142,"column":null}}]},"9":{"loc":{"start":{"line":139,"column":20},"end":{"line":141,"column":null}},"type":"cond-expr","locations":[{"start":{"line":140,"column":22},"end":{"line":140,"column":null}},{"start":{"line":141,"column":22},"end":{"line":141,"column":null}}]},"10":{"loc":{"start":{"line":144,"column":29},"end":{"line":144,"column":null}},"type":"binary-expr","locations":[{"start":{"line":144,"column":29},"end":{"line":144,"column":50}},{"start":{"line":144,"column":50},"end":{"line":144,"column":null}}]},"11":{"loc":{"start":{"line":148,"column":19},"end":{"line":148,"column":null}},"type":"binary-expr","locations":[{"start":{"line":148,"column":19},"end":{"line":148,"column":null}}]},"12":{"loc":{"start":{"line":153,"column":19},"end":{"line":153,"column":null}},"type":"binary-expr","locations":[{"start":{"line":153,"column":19},"end":{"line":153,"column":null}}]},"13":{"loc":{"start":{"line":169,"column":21},"end":{"line":169,"column":40}},"type":"binary-expr","locations":[{"start":{"line":169,"column":21},"end":{"line":169,"column":40}}]},"14":{"loc":{"start":{"line":176,"column":17},"end":{"line":176,"column":null}},"type":"binary-expr","locations":[{"start":{"line":176,"column":17},"end":{"line":176,"column":null}}]},"15":{"loc":{"start":{"line":195,"column":11},"end":{"line":195,"column":null}},"type":"binary-expr","locations":[{"start":{"line":195,"column":11},"end":{"line":195,"column":null}}]}},"s":{"0":0,"1":0,"2":0,"3":0,"4":0,"5":0,"6":0,"7":0,"8":0,"9":0,"10":0,"11":0,"12":0,"13":0,"14":0,"15":0,"16":0,"17":0,"18":0,"19":0,"20":0,"21":0,"22":0,"23":0,"24":0,"25":0,"26":0,"27":0,"28":0,"29":0,"30":0,"31":0,"32":0,"33":0,"34":0,"35":0,"36":0,"37":0,"38":0,"39":0,"40":0,"41":0,"42":0,"43":0,"44":0,"45":0,"46":0,"47":0,"48":0,"49":0,"50":0,"51":0,"52":0},"f":{"0":0,"1":0,"2":0,"3":0,"4":0,"5":0,"6":0,"7":0,"8":0,"9":0,"10":0,"11":0,"12":0,"13":0,"14":0,"15":0,"16":0,"17":0,"18":0,"19":0},"b":{"0":[0,0],"1":[0,0],"2":[0,0],"3":[0,0],"4":[0],"5":[0,0],"6":[0,0],"7":[0,0],"8":[0,0],"9":[0,0],"10":[0,0],"11":[0],"12":[0],"13":[0],"14":[0],"15":[0]}}
,"/Users/jgp/GitHub/pi-que/components/theme-provider.tsx": {"path":"/Users/jgp/GitHub/pi-que/components/theme-provider.tsx","statementMap":{"0":{"start":{"line":9,"column":16},"end":{"line":9,"column":30}},"1":{"start":{"line":3,"column":23},"end":{"line":3,"column":null}},"2":{"start":{"line":7,"column":7},"end":{"line":7,"column":null}}},"fnMap":{"0":{"name":"ThemeProvider","decl":{"start":{"line":9,"column":16},"end":{"line":9,"column":30}},"loc":{"start":{"line":9,"column":72},"end":{"line":11,"column":null}}}},"branchMap":{},"s":{"0":0,"1":0,"2":0},"f":{"0":0},"b":{}}
,"/Users/jgp/GitHub/pi-que/components/user-profile.tsx": {"path":"/Users/jgp/GitHub/pi-que/components/user-profile.tsx","statementMap":{"0":{"start":{"line":19,"column":16},"end":{"line":19,"column":null}},"1":{"start":{"line":3,"column":25},"end":{"line":3,"column":null}},"2":{"start":{"line":4,"column":23},"end":{"line":4,"column":null}},"3":{"start":{"line":5,"column":52},"end":{"line":5,"column":null}},"4":{"start":{"line":12,"column":7},"end":{"line":12,"column":null}},"5":{"start":{"line":13,"column":65},"end":{"line":13,"column":null}},"6":{"start":{"line":14,"column":24},"end":{"line":14,"column":null}},"7":{"start":{"line":15,"column":61},"end":{"line":15,"column":null}},"8":{"start":{"line":16,"column":22},"end":{"line":16,"column":null}},"9":{"start":{"line":17,"column":17},"end":{"line":17,"column":null}},"10":{"start":{"line":20,"column":55},"end":{"line":20,"column":null}},"11":{"start":{"line":21,"column":40},"end":{"line":21,"column":null}},"12":{"start":{"line":22,"column":48},"end":{"line":22,"column":null}},"13":{"start":{"line":24,"column":23},"end":{"line":42,"column":null}},"14":{"start":{"line":25,"column":4},"end":{"line":25,"column":null}},"15":{"start":{"line":26,"column":4},"end":{"line":41,"column":null}},"16":{"start":{"line":27,"column":6},"end":{"line":27,"column":null}},"17":{"start":{"line":28,"column":6},"end":{"line":28,"column":null}},"18":{"start":{"line":29,"column":6},"end":{"line":32,"column":null}},"19":{"start":{"line":34,"column":6},"end":{"line":38,"column":null}},"20":{"start":{"line":40,"column":6},"end":{"line":40,"column":null}},"21":{"start":{"line":44,"column":24},"end":{"line":58,"column":null}},"22":{"start":{"line":45,"column":4},"end":{"line":57,"column":null}},"23":{"start":{"line":46,"column":6},"end":{"line":46,"column":null}},"24":{"start":{"line":47,"column":6},"end":{"line":50,"column":null}},"25":{"start":{"line":52,"column":6},"end":{"line":56,"column":null}},"26":{"start":{"line":60,"column":2},"end":{"line":66,"column":null}},"27":{"start":{"line":68,"column":2},"end":{"line":95,"column":null}},"28":{"start":{"line":71,"column":31},"end":{"line":71,"column":57}}},"fnMap":{"0":{"name":"UserProfile","decl":{"start":{"line":19,"column":16},"end":{"line":19,"column":null}},"loc":{"start":{"line":19,"column":16},"end":{"line":135,"column":null}}},"1":{"name":"(anonymous_3)","decl":{"start":{"line":24,"column":23},"end":{"line":24,"column":null}},"loc":{"start":{"line":24,"column":23},"end":{"line":42,"column":null}}},"2":{"name":"(anonymous_4)","decl":{"start":{"line":44,"column":24},"end":{"line":44,"column":null}},"loc":{"start":{"line":44,"column":24},"end":{"line":58,"column":null}}},"3":{"name":"(anonymous_5)","decl":{"start":{"line":71,"column":25},"end":{"line":71,"column":31}},"loc":{"start":{"line":71,"column":31},"end":{"line":71,"column":57}}}},"branchMap":{"0":{"loc":{"start":{"line":60,"column":2},"end":{"line":66,"column":null}},"type":"if","locations":[{"start":{"line":60,"column":2},"end":{"line":66,"column":null}},{"start":{},"end":{}}]},"1":{"loc":{"start":{"line":68,"column":2},"end":{"line":95,"column":null}},"type":"if","locations":[{"start":{"line":68,"column":2},"end":{"line":95,"column":null}},{"start":{},"end":{}}]},"2":{"loc":{"start":{"line":84,"column":31},"end":{"line":84,"column":84}},"type":"cond-expr","locations":[{"start":{"line":84,"column":31},"end":{"line":84,"column":84}}]},"3":{"loc":{"start":{"line":103,"column":19},"end":{"line":103,"column":null}},"type":"binary-expr","locations":[{"start":{"line":103,"column":19},"end":{"line":103,"column":53}},{"start":{"line":103,"column":53},"end":{"line":103,"column":null}}]},"4":{"loc":{"start":{"line":104,"column":19},"end":{"line":104,"column":57}},"type":"binary-expr","locations":[{"start":{"line":104,"column":19},"end":{"line":104,"column":47}},{"start":{"line":104,"column":47},"end":{"line":104,"column":57}}]},"5":{"loc":{"start":{"line":106,"column":29},"end":{"line":106,"column":null}},"type":"binary-expr","locations":[{"start":{"line":106,"column":29},"end":{"line":106,"column":58}},{"start":{"line":106,"column":62},"end":{"line":106,"column":77}},{"start":{"line":106,"column":81},"end":{"line":106,"column":null}}]},"6":{"loc":{"start":{"line":113,"column":13},"end":{"line":113,"column":41}},"type":"binary-expr","locations":[{"start":{"line":113,"column":13},"end":{"line":113,"column":41}}]}},"s":{"0":0,"1":0,"2":0,"3":0,"4":0,"5":0,"6":0,"7":0,"8":0,"9":0,"10":0,"11":0,"12":0,"13":0,"14":0,"15":0,"16":0,"17":0,"18":0,"19":0,"20":0,"21":0,"22":0,"23":0,"24":0,"25":0,"26":0,"27":0,"28":0},"f":{"0":0,"1":0,"2":0,"3":0},"b":{"0":[0,0],"1":[0,0],"2":[0],"3":[0,0],"4":[0,0],"5":[0,0,0],"6":[0]}}
,"/Users/jgp/GitHub/pi-que/components/youtube-player.tsx": {"path":"/Users/jgp/GitHub/pi-que/components/youtube-player.tsx","statementMap":{"0":{"start":{"line":25,"column":16},"end":{"line":25,"column":30}},"1":{"start":{"line":4,"column":34},"end":{"line":4,"column":null}},"2":{"start":{"line":5,"column":74},"end":{"line":5,"column":null}},"3":{"start":{"line":6,"column":23},"end":{"line":6,"column":null}},"4":{"start":{"line":7,"column":22},"end":{"line":7,"column":null}},"5":{"start":{"line":8,"column":22},"end":{"line":8,"column":null}},"6":{"start":{"line":9,"column":70},"end":{"line":9,"column":null}},"7":{"start":{"line":10,"column":30},"end":{"line":10,"column":null}},"8":{"start":{"line":37,"column":23},"end":{"line":37,"column":null}},"9":{"start":{"line":39,"column":27},"end":{"line":46,"column":null}},"10":{"start":{"line":40,"column":4},"end":{"line":45,"column":null}},"11":{"start":{"line":41,"column":22},"end":{"line":41,"column":58}},"12":{"start":{"line":42,"column":22},"end":{"line":42,"column":null}},"13":{"start":{"line":43,"column":6},"end":{"line":43,"column":null}},"14":{"start":{"line":44,"column":8},"end":{"line":44,"column":null}},"15":{"start":{"line":49,"column":2},"end":{"line":53,"column":null}},"16":{"start":{"line":50,"column":4},"end":{"line":52,"column":null}},"17":{"start":{"line":51,"column":6},"end":{"line":51,"column":null}},"18":{"start":{"line":76,"column":31},"end":{"line":76,"column":null}},"19":{"start":{"line":107,"column":67},"end":{"line":107,"column":82}},"20":{"start":{"line":110,"column":67},"end":{"line":110,"column":81}},"21":{"start":{"line":113,"column":67},"end":{"line":113,"column":81}},"22":{"start":{"line":116,"column":67},"end":{"line":116,"column":83}},"23":{"start":{"line":121,"column":67},"end":{"line":121,"column":82}},"24":{"start":{"line":124,"column":67},"end":{"line":124,"column":80}},"25":{"start":{"line":127,"column":67},"end":{"line":127,"column":80}},"26":{"start":{"line":130,"column":67},"end":{"line":130,"column":81}}},"fnMap":{"0":{"name":"YouTubePlayer","decl":{"start":{"line":25,"column":16},"end":{"line":25,"column":30}},"loc":{"start":{"line":36,"column":21},"end":{"line":149,"column":null}}},"1":{"name":"(anonymous_2)","decl":{"start":{"line":39,"column":27},"end":{"line":39,"column":28}},"loc":{"start":{"line":39,"column":28},"end":{"line":46,"column":null}}},"2":{"name":"(anonymous_3)","decl":{"start":{"line":49,"column":12},"end":{"line":49,"column":null}},"loc":{"start":{"line":49,"column":12},"end":{"line":53,"column":5}}},"3":{"name":"(anonymous_4)","decl":{"start":{"line":76,"column":24},"end":{"line":76,"column":25}},"loc":{"start":{"line":76,"column":31},"end":{"line":76,"column":null}}},"4":{"name":"(anonymous_5)","decl":{"start":{"line":107,"column":61},"end":{"line":107,"column":67}},"loc":{"start":{"line":107,"column":67},"end":{"line":107,"column":82}}},"5":{"name":"(anonymous_6)","decl":{"start":{"line":110,"column":61},"end":{"line":110,"column":67}},"loc":{"start":{"line":110,"column":67},"end":{"line":110,"column":81}}},"6":{"name":"(anonymous_7)","decl":{"start":{"line":113,"column":61},"end":{"line":113,"column":67}},"loc":{"start":{"line":113,"column":67},"end":{"line":113,"column":81}}},"7":{"name":"(anonymous_8)","decl":{"start":{"line":116,"column":61},"end":{"line":116,"column":67}},"loc":{"start":{"line":116,"column":67},"end":{"line":116,"column":83}}},"8":{"name":"(anonymous_9)","decl":{"start":{"line":121,"column":61},"end":{"line":121,"column":67}},"loc":{"start":{"line":121,"column":67},"end":{"line":121,"column":82}}},"9":{"name":"(anonymous_10)","decl":{"start":{"line":124,"column":61},"end":{"line":124,"column":67}},"loc":{"start":{"line":124,"column":67},"end":{"line":124,"column":80}}},"10":{"name":"(anonymous_11)","decl":{"start":{"line":127,"column":61},"end":{"line":127,"column":67}},"loc":{"start":{"line":127,"column":67},"end":{"line":127,"column":80}}},"11":{"name":"(anonymous_12)","decl":{"start":{"line":130,"column":61},"end":{"line":130,"column":67}},"loc":{"start":{"line":130,"column":67},"end":{"line":130,"column":81}}}},"branchMap":{"0":{"loc":{"start":{"line":40,"column":4},"end":{"line":45,"column":null}},"type":"if","locations":[{"start":{"line":40,"column":4},"end":{"line":45,"column":null}},{"start":{},"end":{}}]},"1":{"loc":{"start":{"line":50,"column":4},"end":{"line":52,"column":null}},"type":"if","locations":[{"start":{"line":50,"column":4},"end":{"line":52,"column":null}},{"start":{},"end":{}}]},"2":{"loc":{"start":{"line":62,"column":13},"end":{"line":62,"column":31}},"type":"binary-expr","locations":[{"start":{"line":62,"column":13},"end":{"line":62,"column":31}}]},"3":{"loc":{"start":{"line":63,"column":13},"end":{"line":63,"column":30}},"type":"binary-expr","locations":[{"start":{"line":63,"column":13},"end":{"line":63,"column":30}}]},"4":{"loc":{"start":{"line":67,"column":25},"end":{"line":67,"column":62}},"type":"cond-expr","locations":[{"start":{"line":67,"column":25},"end":{"line":67,"column":62}}]},"5":{"loc":{"start":{"line":71,"column":9},"end":{"line":71,"column":null}},"type":"binary-expr","locations":[{"start":{"line":71,"column":9},"end":{"line":71,"column":null}}]},"6":{"loc":{"start":{"line":88,"column":11},"end":{"line":88,"column":null}},"type":"binary-expr","locations":[{"start":{"line":88,"column":11},"end":{"line":88,"column":null}}]},"7":{"loc":{"start":{"line":98,"column":9},"end":{"line":98,"column":25}},"type":"binary-expr","locations":[{"start":{"line":98,"column":9},"end":{"line":98,"column":25}},{"start":{"line":98,"column":25},"end":{"line":98,"column":null}}]}},"s":{"0":0,"1":0,"2":0,"3":0,"4":0,"5":0,"6":0,"7":0,"8":0,"9":0,"10":0,"11":0,"12":0,"13":0,"14":0,"15":0,"16":0,"17":0,"18":0,"19":0,"20":0,"21":0,"22":0,"23":0,"24":0,"25":0,"26":0},"f":{"0":0,"1":0,"2":0,"3":0,"4":0,"5":0,"6":0,"7":0,"8":0,"9":0,"10":0,"11":0},"b":{"0":[0,0],"1":[0,0],"2":[0],"3":[0],"4":[0],"5":[0],"6":[0],"7":[0,0]}}
,"/Users/jgp/GitHub/pi-que/components/ui/avatar.tsx": {"path":"/Users/jgp/GitHub/pi-que/components/ui/avatar.tsx","statementMap":{"0":{"start":{"line":50,"column":9},"end":{"line":50,"column":15}},"1":{"start":{"line":50,"column":30},"end":{"line":50,"column":44}},"2":{"start":{"line":50,"column":17},"end":{"line":50,"column":28}},"3":{"start":{"line":3,"column":23},"end":{"line":3,"column":null}},"4":{"start":{"line":4,"column":33},"end":{"line":4,"column":null}},"5":{"start":{"line":6,"column":19},"end":{"line":6,"column":null}},"6":{"start":{"line":21,"column":0},"end":{"line":21,"column":null}},"7":{"start":{"line":33,"column":0},"end":{"line":33,"column":null}},"8":{"start":{"line":48,"column":0},"end":{"line":48,"column":null}}},"fnMap":{},"branchMap":{},"s":{"0":0,"1":0,"2":0,"3":0,"4":0,"5":0,"6":0,"7":0,"8":0},"f":{},"b":{}}
,"/Users/jgp/GitHub/pi-que/components/ui/badge.tsx": {"path":"/Users/jgp/GitHub/pi-que/components/ui/badge.tsx","statementMap":{"0":{"start":{"line":36,"column":9},"end":{"line":36,"column":14}},"1":{"start":{"line":36,"column":16},"end":{"line":36,"column":29}},"2":{"start":{"line":1,"column":23},"end":{"line":1,"column":null}},"3":{"start":{"line":2,"column":39},"end":{"line":2,"column":null}},"4":{"start":{"line":4,"column":19},"end":{"line":4,"column":null}},"5":{"start":{"line":6,"column":22},"end":{"line":23,"column":null}}},"fnMap":{"0":{"name":"Badge","decl":{"start":{"line":30,"column":9},"end":{"line":30,"column":15}},"loc":{"start":{"line":30,"column":59},"end":{"line":34,"column":null}}}},"branchMap":{},"s":{"0":0,"1":0,"2":0,"3":0,"4":0,"5":0},"f":{"0":0},"b":{}}
,"/Users/jgp/GitHub/pi-que/components/ui/button.tsx": {"path":"/Users/jgp/GitHub/pi-que/components/ui/button.tsx","statementMap":{"0":{"start":{"line":56,"column":9},"end":{"line":56,"column":15}},"1":{"start":{"line":56,"column":17},"end":{"line":56,"column":31}},"2":{"start":{"line":1,"column":23},"end":{"line":1,"column":null}},"3":{"start":{"line":2,"column":21},"end":{"line":2,"column":null}},"4":{"start":{"line":3,"column":39},"end":{"line":3,"column":null}},"5":{"start":{"line":5,"column":19},"end":{"line":5,"column":null}},"6":{"start":{"line":7,"column":23},"end":{"line":33,"column":null}},"7":{"start":{"line":42,"column":15},"end":{"line":52,"column":null}},"8":{"start":{"line":44,"column":17},"end":{"line":44,"column":null}},"9":{"start":{"line":54,"column":0},"end":{"line":54,"column":null}}},"fnMap":{"0":{"name":"(anonymous_6)","decl":{"start":{"line":43,"column":2},"end":{"line":43,"column":3}},"loc":{"start":{"line":43,"column":60},"end":{"line":52,"column":null}}}},"branchMap":{"0":{"loc":{"start":{"line":43,"column":31},"end":{"line":43,"column":46}},"type":"default-arg","locations":[{"start":{"line":43,"column":41},"end":{"line":43,"column":46}}]},"1":{"loc":{"start":{"line":44,"column":17},"end":{"line":44,"column":null}},"type":"cond-expr","locations":[{"start":{"line":44,"column":27},"end":{"line":44,"column":31}},{"start":{"line":44,"column":34},"end":{"line":44,"column":null}}]}},"s":{"0":0,"1":0,"2":0,"3":0,"4":0,"5":0,"6":0,"7":0,"8":0,"9":0},"f":{"0":0},"b":{"0":[0],"1":[0,0]}}
,"/Users/jgp/GitHub/pi-que/components/ui/card.tsx": {"path":"/Users/jgp/GitHub/pi-que/components/ui/card.tsx","statementMap":{"0":{"start":{"line":79,"column":9},"end":{"line":79,"column":13}},"1":{"start":{"line":79,"column":67},"end":{"line":79,"column":78}},"2":{"start":{"line":79,"column":50},"end":{"line":79,"column":65}},"3":{"start":{"line":79,"column":27},"end":{"line":79,"column":37}},"4":{"start":{"line":79,"column":15},"end":{"line":79,"column":25}},"5":{"start":{"line":79,"column":39},"end":{"line":79,"column":48}},"6":{"start":{"line":1,"column":23},"end":{"line":1,"column":null}},"7":{"start":{"line":3,"column":19},"end":{"line":3,"column":null}},"8":{"start":{"line":18,"column":0},"end":{"line":18,"column":null}},"9":{"start":{"line":30,"column":0},"end":{"line":30,"column":null}},"10":{"start":{"line":45,"column":0},"end":{"line":45,"column":null}},"11":{"start":{"line":57,"column":0},"end":{"line":57,"column":null}},"12":{"start":{"line":65,"column":0},"end":{"line":65,"column":null}},"13":{"start":{"line":77,"column":0},"end":{"line":77,"column":null}}},"fnMap":{},"branchMap":{},"s":{"0":0,"1":0,"2":0,"3":0,"4":0,"5":0,"6":0,"7":0,"8":0,"9":0,"10":0,"11":0,"12":0,"13":0},"f":{},"b":{}}
,"/Users/jgp/GitHub/pi-que/components/ui/dialog.tsx": {"path":"/Users/jgp/GitHub/pi-que/components/ui/dialog.tsx","statementMap":{"0":{"start":{"line":112,"column":2},"end":{"line":112,"column":8}},"1":{"start":{"line":115,"column":2},"end":{"line":115,"column":13}},"2":{"start":{"line":117,"column":2},"end":{"line":117,"column":15}},"3":{"start":{"line":121,"column":2},"end":{"line":121,"column":19}},"4":{"start":{"line":119,"column":2},"end":{"line":119,"column":14}},"5":{"start":{"line":118,"column":2},"end":{"line":118,"column":14}},"6":{"start":{"line":114,"column":2},"end":{"line":114,"column":15}},"7":{"start":{"line":113,"column":2},"end":{"line":113,"column":14}},"8":{"start":{"line":120,"column":2},"end":{"line":120,"column":13}},"9":{"start":{"line":116,"column":2},"end":{"line":116,"column":15}},"10":{"start":{"line":3,"column":23},"end":{"line":3,"column":null}},"11":{"start":{"line":4,"column":33},"end":{"line":4,"column":null}},"12":{"start":{"line":5,"column":18},"end":{"line":5,"column":null}},"13":{"start":{"line":7,"column":19},"end":{"line":7,"column":null}},"14":{"start":{"line":9,"column":15},"end":{"line":9,"column":35}},"15":{"start":{"line":11,"column":22},"end":{"line":11,"column":45}},"16":{"start":{"line":13,"column":21},"end":{"line":13,"column":43}},"17":{"start":{"line":15,"column":20},"end":{"line":15,"column":41}},"18":{"start":{"line":30,"column":0},"end":{"line":30,"column":null}},"19":{"start":{"line":54,"column":0},"end":{"line":54,"column":null}},"20":{"start":{"line":68,"column":0},"end":{"line":68,"column":null}},"21":{"start":{"line":82,"column":0},"end":{"line":82,"column":null}},"22":{"start":{"line":97,"column":0},"end":{"line":97,"column":null}},"23":{"start":{"line":109,"column":0},"end":{"line":109,"column":null}}},"fnMap":{},"branchMap":{},"s":{"0":0,"1":0,"2":0,"3":0,"4":0,"5":0,"6":0,"7":0,"8":0,"9":0,"10":0,"11":0,"12":0,"13":0,"14":0,"15":0,"16":0,"17":0,"18":0,"19":0,"20":0,"21":0,"22":0,"23":0},"f":{},"b":{}}
,"/Users/jgp/GitHub/pi-que/components/ui/dropdown-menu.tsx": {"path":"/Users/jgp/GitHub/pi-que/components/ui/dropdown-menu.tsx","statementMap":{"0":{"start":{"line":185,"column":2},"end":{"line":185,"column":14}},"1":{"start":{"line":189,"column":2},"end":{"line":189,"column":26}},"2":{"start":{"line":187,"column":2},"end":{"line":187,"column":21}},"3":{"start":{"line":194,"column":2},"end":{"line":194,"column":19}},"4":{"start":{"line":188,"column":2},"end":{"line":188,"column":18}},"5":{"start":{"line":191,"column":2},"end":{"line":191,"column":19}},"6":{"start":{"line":195,"column":2},"end":{"line":195,"column":20}},"7":{"start":{"line":199,"column":2},"end":{"line":199,"column":24}},"8":{"start":{"line":190,"column":2},"end":{"line":190,"column":23}},"9":{"start":{"line":192,"column":2},"end":{"line":192,"column":23}},"10":{"start":{"line":193,"column":2},"end":{"line":193,"column":22}},"11":{"start":{"line":196,"column":2},"end":{"line":196,"column":17}},"12":{"start":{"line":197,"column":2},"end":{"line":197,"column":24}},"13":{"start":{"line":198,"column":2},"end":{"line":198,"column":24}},"14":{"start":{"line":186,"column":2},"end":{"line":186,"column":21}},"15":{"start":{"line":3,"column":23},"end":{"line":3,"column":null}},"16":{"start":{"line":4,"column":39},"end":{"line":4,"column":null}},"17":{"start":{"line":5,"column":44},"end":{"line":5,"column":null}},"18":{"start":{"line":7,"column":19},"end":{"line":7,"column":null}},"19":{"start":{"line":9,"column":21},"end":{"line":9,"column":47}},"20":{"start":{"line":11,"column":28},"end":{"line":11,"column":57}},"21":{"start":{"line":13,"column":26},"end":{"line":13,"column":53}},"22":{"start":{"line":15,"column":27},"end":{"line":15,"column":55}},"23":{"start":{"line":17,"column":24},"end":{"line":17,"column":49}},"24":{"start":{"line":19,"column":31},"end":{"line":19,"column":63}},"25":{"start":{"line":40,"column":0},"end":{"line":41,"column":null}},"26":{"start":{"line":56,"column":0},"end":{"line":57,"column":null}},"27":{"start":{"line":75,"column":0},"end":{"line":75,"column":null}},"28":{"start":{"line":93,"column":0},"end":{"line":93,"column":null}},"29":{"start":{"line":116,"column":0},"end":{"line":117,"column":null}},"30":{"start":{"line":139,"column":0},"end":{"line":139,"column":null}},"31":{"start":{"line":157,"column":0},"end":{"line":157,"column":null}},"32":{"start":{"line":169,"column":0},"end":{"line":169,"column":null}},"33":{"start":{"line":171,"column":29},"end":{"line":181,"column":null}},"34":{"start":{"line":182,"column":0},"end":{"line":182,"column":null}}},"fnMap":{"0":{"name":"(anonymous_27)","decl":{"start":{"line":171,"column":29},"end":{"line":171,"column":30}},"loc":{"start":{"line":174,"column":40},"end":{"line":181,"column":null}}}},"branchMap":{"0":{"loc":{"start":{"line":31,"column":6},"end":{"line":31,"column":null}},"type":"binary-expr","locations":[{"start":{"line":31,"column":6},"end":{"line":31,"column":15}},{"start":{"line":31,"column":15},"end":{"line":31,"column":null}}]},"1":{"loc":{"start":{"line":62,"column":16},"end":{"line":62,"column":30}},"type":"default-arg","locations":[{"start":{"line":62,"column":29},"end":{"line":62,"column":30}}]},"2":{"loc":{"start":{"line":87,"column":6},"end":{"line":87,"column":null}},"type":"binary-expr","locations":[{"start":{"line":87,"column":6},"end":{"line":87,"column":15}},{"start":{"line":87,"column":15},"end":{"line":87,"column":null}}]},"3":{"loc":{"start":{"line":151,"column":6},"end":{"line":151,"column":null}},"type":"binary-expr","locations":[{"start":{"line":151,"column":6},"end":{"line":151,"column":15}},{"start":{"line":151,"column":15},"end":{"line":151,"column":null}}]}},"s":{"0":0,"1":0,"2":0,"3":0,"4":0,"5":0,"6":0,"7":0,"8":0,"9":0,"10":0,"11":0,"12":0,"13":0,"14":0,"15":0,"16":0,"17":0,"18":0,"19":0,"20":0,"21":0,"22":0,"23":0,"24":0,"25":0,"26":0,"27":0,"28":0,"29":0,"30":0,"31":0,"32":0,"33":0,"34":0},"f":{"0":0},"b":{"0":[0,0],"1":[0],"2":[0,0],"3":[0,0]}}
,"/Users/jgp/GitHub/pi-que/components/ui/error-boundary.tsx": {"path":"/Users/jgp/GitHub/pi-que/components/ui/error-boundary.tsx","statementMap":{"0":{"start":{"line":21,"column":13},"end":{"line":21,"column":26}},"1":{"start":{"line":212,"column":16},"end":{"line":212,"column":36}},"2":{"start":{"line":178,"column":16},"end":{"line":178,"column":36}},"3":{"start":{"line":162,"column":16},"end":{"line":162,"column":33}},"4":{"start":{"line":3,"column":55},"end":{"line":3,"column":null}},"5":{"start":{"line":4,"column":59},"end":{"line":4,"column":null}},"6":{"start":{"line":23,"column":4},"end":{"line":80,"column":null}},"7":{"start":{"line":75,"column":4},"end":{"line":79,"column":null}},"8":{"start":{"line":24,"column":4},"end":{"line":28,"column":null}},"9":{"start":{"line":32,"column":4},"end":{"line":35,"column":null}},"10":{"start":{"line":39,"column":58},"end":{"line":39,"column":68}},"11":{"start":{"line":42,"column":21},"end":{"line":54,"column":null}},"12":{"start":{"line":57,"column":4},"end":{"line":57,"column":null}},"13":{"start":{"line":60,"column":4},"end":{"line":62,"column":null}},"14":{"start":{"line":61,"column":6},"end":{"line":61,"column":null}},"15":{"start":{"line":65,"column":4},"end":{"line":71,"column":null}},"16":{"start":{"line":66,"column":6},"end":{"line":66,"column":null}},"17":{"start":{"line":67,"column":6},"end":{"line":67,"column":null}},"18":{"start":{"line":68,"column":6},"end":{"line":68,"column":null}},"19":{"start":{"line":69,"column":6},"end":{"line":69,"column":null}},"20":{"start":{"line":70,"column":6},"end":{"line":70,"column":null}},"21":{"start":{"line":83,"column":41},"end":{"line":83,"column":51}},"22":{"start":{"line":84,"column":53},"end":{"line":84,"column":63}},"23":{"start":{"line":86,"column":4},"end":{"line":155,"column":null}},"24":{"start":{"line":88,"column":6},"end":{"line":90,"column":null}},"25":{"start":{"line":89,"column":8},"end":{"line":89,"column":null}},"26":{"start":{"line":157,"column":4},"end":{"line":157,"column":null}},"27":{"start":{"line":172,"column":2},"end":{"line":172,"column":null}},"28":{"start":{"line":174,"column":2},"end":{"line":174,"column":null}}},"fnMap":{"0":{"name":"(anonymous_8)","decl":{"start":{"line":22,"column":2},"end":{"line":22,"column":14}},"loc":{"start":{"line":22,"column":41},"end":{"line":29,"column":null}}},"1":{"name":"(anonymous_9)","decl":{"start":{"line":74,"column":10},"end":{"line":74,"column":null}},"loc":{"start":{"line":74,"column":10},"end":{"line":80,"column":null}}},"2":{"name":"(anonymous_10)","decl":{"start":{"line":31,"column":2},"end":{"line":31,"column":9}},"loc":{"start":{"line":31,"column":77},"end":{"line":36,"column":null}}},"3":{"name":"(anonymous_11)","decl":{"start":{"line":38,"column":2},"end":{"line":38,"column":20}},"loc":{"start":{"line":38,"column":56},"end":{"line":72,"column":null}}},"4":{"name":"(anonymous_12)","decl":{"start":{"line":82,"column":2},"end":{"line":82,"column":11}},"loc":{"start":{"line":82,"column":11},"end":{"line":158,"column":null}}},"5":{"name":"withErrorBoundary","decl":{"start":{"line":162,"column":16},"end":{"line":162,"column":33}},"loc":{"start":{"line":164,"column":59},"end":{"line":175,"column":null}}},"6":{"name":"YouTubeErrorBoundary","decl":{"start":{"line":178,"column":16},"end":{"line":178,"column":36}},"loc":{"start":{"line":178,"column":74},"end":{"line":210,"column":null}}},"7":{"name":"ProjectErrorBoundary","decl":{"start":{"line":212,"column":16},"end":{"line":212,"column":36}},"loc":{"start":{"line":212,"column":74},"end":{"line":244,"column":null}}}},"branchMap":{"0":{"loc":{"start":{"line":39,"column":12},"end":{"line":39,"column":44}},"type":"default-arg","locations":[{"start":{"line":39,"column":23},"end":{"line":39,"column":44}}]},"1":{"loc":{"start":{"line":48,"column":19},"end":{"line":48,"column":null}},"type":"binary-expr","locations":[{"start":{"line":48,"column":19},"end":{"line":48,"column":39}},{"start":{"line":48,"column":43},"end":{"line":48,"column":null}}]},"2":{"loc":{"start":{"line":60,"column":4},"end":{"line":62,"column":null}},"type":"if","locations":[{"start":{"line":60,"column":4},"end":{"line":62,"column":null}},{"start":{},"end":{}}]},"3":{"loc":{"start":{"line":65,"column":4},"end":{"line":71,"column":null}},"type":"if","locations":[{"start":{"line":65,"column":4},"end":{"line":71,"column":null}},{"start":{},"end":{}}]},"4":{"loc":{"start":{"line":84,"column":32},"end":{"line":84,"column":48}},"type":"default-arg","locations":[{"start":{"line":84,"column":44},"end":{"line":84,"column":48}}]},"5":{"loc":{"start":{"line":86,"column":4},"end":{"line":155,"column":null}},"type":"if","locations":[{"start":{"line":86,"column":4},"end":{"line":155,"column":null}},{"start":{},"end":{}}]},"6":{"loc":{"start":{"line":86,"column":8},"end":{"line":86,"column":27}},"type":"binary-expr","locations":[{"start":{"line":86,"column":8},"end":{"line":86,"column":20}},{"start":{"line":86,"column":20},"end":{"line":86,"column":27}}]},"7":{"loc":{"start":{"line":88,"column":6},"end":{"line":90,"column":null}},"type":"if","locations":[{"start":{"line":88,"column":6},"end":{"line":90,"column":null}},{"start":{},"end":{}}]},"8":{"loc":{"start":{"line":88,"column":10},"end":{"line":88,"column":31}},"type":"binary-expr","locations":[{"start":{"line":88,"column":10},"end":{"line":88,"column":22}},{"start":{"line":88,"column":22},"end":{"line":88,"column":31}}]},"9":{"loc":{"start":{"line":120,"column":13},"end":{"line":120,"column":null}},"type":"binary-expr","locations":[{"start":{"line":120,"column":13},"end":{"line":120,"column":null}}]},"10":{"loc":{"start":{"line":132,"column":19},"end":{"line":132,"column":30}},"type":"binary-expr","locations":[{"start":{"line":132,"column":19},"end":{"line":132,"column":30}}]},"11":{"loc":{"start":{"line":144,"column":13},"end":{"line":144,"column":null}},"type":"binary-expr","locations":[{"start":{"line":144,"column":13},"end":{"line":144,"column":null}}]},"12":{"loc":{"start":{"line":172,"column":54},"end":{"line":172,"column":93}},"type":"binary-expr","locations":[{"start":{"line":172,"column":54},"end":{"line":172,"column":75}},{"start":{"line":172,"column":79},"end":{"line":172,"column":93}}]}},"s":{"0":0,"1":0,"2":0,"3":0,"4":0,"5":0,"6":0,"7":0,"8":0,"9":0,"10":0,"11":0,"12":0,"13":0,"14":0,"15":0,"16":0,"17":0,"18":0,"19":0,"20":0,"21":0,"22":0,"23":0,"24":0,"25":0,"26":0,"27":0,"28":0},"f":{"0":0,"1":0,"2":0,"3":0,"4":0,"5":0,"6":0,"7":0},"b":{"0":[0],"1":[0,0],"2":[0,0],"3":[0,0],"4":[0],"5":[0,0],"6":[0,0],"7":[0,0],"8":[0,0],"9":[0],"10":[0],"11":[0],"12":[0,0]}}
,"/Users/jgp/GitHub/pi-que/components/ui/input.tsx": {"path":"/Users/jgp/GitHub/pi-que/components/ui/input.tsx","statementMap":{"0":{"start":{"line":22,"column":9},"end":{"line":22,"column":null}},"1":{"start":{"line":1,"column":23},"end":{"line":1,"column":null}},"2":{"start":{"line":3,"column":19},"end":{"line":3,"column":null}},"3":{"start":{"line":5,"column":14},"end":{"line":18,"column":null}},"4":{"start":{"line":20,"column":0},"end":{"line":20,"column":null}}},"fnMap":{"0":{"name":"(anonymous_4)","decl":{"start":{"line":6,"column":2},"end":{"line":6,"column":3}},"loc":{"start":{"line":6,"column":34},"end":{"line":18,"column":null}}}},"branchMap":{},"s":{"0":0,"1":0,"2":0,"3":0,"4":0},"f":{"0":0},"b":{}}
,"/Users/jgp/GitHub/pi-que/components/ui/label.tsx": {"path":"/Users/jgp/GitHub/pi-que/components/ui/label.tsx","statementMap":{"0":{"start":{"line":26,"column":9},"end":{"line":26,"column":null}},"1":{"start":{"line":3,"column":23},"end":{"line":3,"column":null}},"2":{"start":{"line":4,"column":32},"end":{"line":4,"column":null}},"3":{"start":{"line":5,"column":39},"end":{"line":5,"column":null}},"4":{"start":{"line":7,"column":19},"end":{"line":7,"column":null}},"5":{"start":{"line":9,"column":22},"end":{"line":10,"column":null}},"6":{"start":{"line":24,"column":0},"end":{"line":24,"column":null}}},"fnMap":{},"branchMap":{},"s":{"0":0,"1":0,"2":0,"3":0,"4":0,"5":0,"6":0},"f":{},"b":{}}
,"/Users/jgp/GitHub/pi-que/components/ui/select.tsx": {"path":"/Users/jgp/GitHub/pi-que/components/ui/select.tsx","statementMap":{"0":{"start":{"line":150,"column":2},"end":{"line":150,"column":8}},"1":{"start":{"line":154,"column":2},"end":{"line":154,"column":15}},"2":{"start":{"line":151,"column":2},"end":{"line":151,"column":13}},"3":{"start":{"line":156,"column":2},"end":{"line":156,"column":12}},"4":{"start":{"line":155,"column":2},"end":{"line":155,"column":13}},"5":{"start":{"line":159,"column":2},"end":{"line":159,"column":24}},"6":{"start":{"line":158,"column":2},"end":{"line":158,"column":22}},"7":{"start":{"line":157,"column":2},"end":{"line":157,"column":17}},"8":{"start":{"line":153,"column":2},"end":{"line":153,"column":15}},"9":{"start":{"line":152,"column":2},"end":{"line":152,"column":13}},"10":{"start":{"line":3,"column":23},"end":{"line":3,"column":null}},"11":{"start":{"line":4,"column":33},"end":{"line":4,"column":null}},"12":{"start":{"line":5,"column":46},"end":{"line":5,"column":null}},"13":{"start":{"line":7,"column":19},"end":{"line":7,"column":null}},"14":{"start":{"line":9,"column":15},"end":{"line":9,"column":35}},"15":{"start":{"line":11,"column":20},"end":{"line":11,"column":41}},"16":{"start":{"line":13,"column":20},"end":{"line":13,"column":41}},"17":{"start":{"line":33,"column":0},"end":{"line":33,"column":null}},"18":{"start":{"line":50,"column":0},"end":{"line":50,"column":null}},"19":{"start":{"line":67,"column":0},"end":{"line":68,"column":null}},"20":{"start":{"line":100,"column":0},"end":{"line":100,"column":null}},"21":{"start":{"line":112,"column":0},"end":{"line":112,"column":null}},"22":{"start":{"line":135,"column":0},"end":{"line":135,"column":null}},"23":{"start":{"line":147,"column":0},"end":{"line":147,"column":null}}},"fnMap":{},"branchMap":{"0":{"loc":{"start":{"line":73,"column":26},"end":{"line":73,"column":45}},"type":"default-arg","locations":[{"start":{"line":73,"column":37},"end":{"line":73,"column":45}}]},"1":{"loc":{"start":{"line":79,"column":8},"end":{"line":80,"column":null}},"type":"binary-expr","locations":[{"start":{"line":79,"column":8},"end":{"line":79,"column":null}},{"start":{"line":80,"column":10},"end":{"line":80,"column":null}}]},"2":{"loc":{"start":{"line":90,"column":10},"end":{"line":91,"column":null}},"type":"binary-expr","locations":[{"start":{"line":90,"column":10},"end":{"line":90,"column":null}},{"start":{"line":91,"column":12},"end":{"line":91,"column":null}}]}},"s":{"0":0,"1":0,"2":0,"3":0,"4":0,"5":0,"6":0,"7":0,"8":0,"9":0,"10":0,"11":0,"12":0,"13":0,"14":0,"15":0,"16":0,"17":0,"18":0,"19":0,"20":0,"21":0,"22":0,"23":0},"f":{},"b":{"0":[0],"1":[0,0],"2":[0,0]}}
,"/Users/jgp/GitHub/pi-que/components/ui/switch.tsx": {"path":"/Users/jgp/GitHub/pi-que/components/ui/switch.tsx","statementMap":{"0":{"start":{"line":29,"column":9},"end":{"line":29,"column":null}},"1":{"start":{"line":3,"column":23},"end":{"line":3,"column":null}},"2":{"start":{"line":4,"column":34},"end":{"line":4,"column":null}},"3":{"start":{"line":6,"column":19},"end":{"line":6,"column":null}},"4":{"start":{"line":27,"column":0},"end":{"line":27,"column":null}}},"fnMap":{},"branchMap":{},"s":{"0":0,"1":0,"2":0,"3":0,"4":0},"f":{},"b":{}}
,"/Users/jgp/GitHub/pi-que/components/ui/tabs.tsx": {"path":"/Users/jgp/GitHub/pi-que/components/ui/tabs.tsx","statementMap":{"0":{"start":{"line":55,"column":9},"end":{"line":55,"column":13}},"1":{"start":{"line":55,"column":38},"end":{"line":55,"column":49}},"2":{"start":{"line":55,"column":15},"end":{"line":55,"column":23}},"3":{"start":{"line":55,"column":25},"end":{"line":55,"column":36}},"4":{"start":{"line":3,"column":23},"end":{"line":3,"column":null}},"5":{"start":{"line":4,"column":31},"end":{"line":4,"column":null}},"6":{"start":{"line":6,"column":19},"end":{"line":6,"column":null}},"7":{"start":{"line":8,"column":13},"end":{"line":8,"column":31}},"8":{"start":{"line":23,"column":0},"end":{"line":23,"column":null}},"9":{"start":{"line":38,"column":0},"end":{"line":38,"column":null}},"10":{"start":{"line":53,"column":0},"end":{"line":53,"column":null}}},"fnMap":{},"branchMap":{},"s":{"0":0,"1":0,"2":0,"3":0,"4":0,"5":0,"6":0,"7":0,"8":0,"9":0,"10":0},"f":{},"b":{}}
,"/Users/jgp/GitHub/pi-que/components/ui/textarea.tsx": {"path":"/Users/jgp/GitHub/pi-que/components/ui/textarea.tsx","statementMap":{"0":{"start":{"line":22,"column":9},"end":{"line":22,"column":null}},"1":{"start":{"line":1,"column":23},"end":{"line":1,"column":null}},"2":{"start":{"line":3,"column":19},"end":{"line":3,"column":null}},"3":{"start":{"line":5,"column":17},"end":{"line":19,"column":null}},"4":{"start":{"line":20,"column":0},"end":{"line":20,"column":null}}},"fnMap":{"0":{"name":"(anonymous_4)","decl":{"start":{"line":8,"column":2},"end":{"line":8,"column":3}},"loc":{"start":{"line":8,"column":28},"end":{"line":19,"column":null}}}},"branchMap":{},"s":{"0":0,"1":0,"2":0,"3":0,"4":0},"f":{"0":0},"b":{}}
,"/Users/jgp/GitHub/pi-que/components/ui/toast.tsx": {"path":"/Users/jgp/GitHub/pi-que/components/ui/toast.tsx","statementMap":{"0":{"start":{"line":124,"column":2},"end":{"line":124,"column":7}},"1":{"start":{"line":128,"column":2},"end":{"line":128,"column":13}},"2":{"start":{"line":127,"column":2},"end":{"line":127,"column":12}},"3":{"start":{"line":126,"column":2},"end":{"line":126,"column":18}},"4":{"start":{"line":122,"column":2},"end":{"line":122,"column":15}},"5":{"start":{"line":125,"column":2},"end":{"line":125,"column":12}},"6":{"start":{"line":123,"column":2},"end":{"line":123,"column":15}},"7":{"start":{"line":3,"column":23},"end":{"line":3,"column":null}},"8":{"start":{"line":4,"column":33},"end":{"line":4,"column":null}},"9":{"start":{"line":5,"column":39},"end":{"line":5,"column":null}},"10":{"start":{"line":6,"column":18},"end":{"line":6,"column":null}},"11":{"start":{"line":8,"column":19},"end":{"line":8,"column":null}},"12":{"start":{"line":10,"column":22},"end":{"line":10,"column":46}},"13":{"start":{"line":25,"column":0},"end":{"line":25,"column":null}},"14":{"start":{"line":27,"column":22},"end":{"line":40,"column":null}},"15":{"start":{"line":43,"column":14},"end":{"line":55,"column":null}},"16":{"start":{"line":56,"column":0},"end":{"line":56,"column":null}},"17":{"start":{"line":71,"column":0},"end":{"line":71,"column":null}},"18":{"start":{"line":89,"column":0},"end":{"line":89,"column":null}},"19":{"start":{"line":101,"column":0},"end":{"line":101,"column":null}},"20":{"start":{"line":113,"column":0},"end":{"line":113,"column":null}}},"fnMap":{"0":{"name":"(anonymous_12)","decl":{"start":{"line":47,"column":2},"end":{"line":47,"column":3}},"loc":{"start":{"line":47,"column":37},"end":{"line":55,"column":null}}}},"branchMap":{},"s":{"0":0,"1":0,"2":0,"3":0,"4":0,"5":0,"6":0,"7":0,"8":0,"9":0,"10":0,"11":0,"12":0,"13":0,"14":0,"15":0,"16":0,"17":0,"18":0,"19":0,"20":0},"f":{"0":0},"b":{}}
,"/Users/jgp/GitHub/pi-que/components/ui/toaster.tsx": {"path":"/Users/jgp/GitHub/pi-que/components/ui/toaster.tsx","statementMap":{"0":{"start":{"line":13,"column":16},"end":{"line":13,"column":null}},"1":{"start":{"line":3,"column":25},"end":{"line":3,"column":null}},"2":{"start":{"line":11,"column":7},"end":{"line":11,"column":null}},"3":{"start":{"line":14,"column":21},"end":{"line":14,"column":null}},"4":{"start":{"line":19,"column":8},"end":{"line":20,"column":27}}},"fnMap":{"0":{"name":"Toaster","decl":{"start":{"line":13,"column":16},"end":{"line":13,"column":null}},"loc":{"start":{"line":13,"column":16},"end":{"line":35,"column":null}}},"1":{"name":"(anonymous_2)","decl":{"start":{"line":18,"column":18},"end":{"line":18,"column":28}},"loc":{"start":{"line":18,"column":72},"end":{"line":31,"column":null}}}},"branchMap":{"0":{"loc":{"start":{"line":22,"column":15},"end":{"line":22,"column":24}},"type":"binary-expr","locations":[{"start":{"line":22,"column":15},"end":{"line":22,"column":24}}]},"1":{"loc":{"start":{"line":23,"column":15},"end":{"line":23,"column":null}},"type":"binary-expr","locations":[{"start":{"line":23,"column":15},"end":{"line":23,"column":null}}]}},"s":{"0":0,"1":0,"2":0,"3":0,"4":0},"f":{"0":0,"1":0},"b":{"0":[0],"1":[0]}}
,"/Users/jgp/GitHub/pi-que/contexts/auth-context.tsx": {"path":"/Users/jgp/GitHub/pi-que/contexts/auth-context.tsx","statementMap":{"0":{"start":{"line":18,"column":16},"end":{"line":18,"column":28}},"1":{"start":{"line":72,"column":16},"end":{"line":72,"column":23}},"2":{"start":{"line":4,"column":63},"end":{"line":4,"column":null}},"3":{"start":{"line":5,"column":34},"end":{"line":5,"column":null}},"4":{"start":{"line":16,"column":20},"end":{"line":16,"column":null}},"5":{"start":{"line":19,"column":26},"end":{"line":19,"column":null}},"6":{"start":{"line":20,"column":32},"end":{"line":20,"column":null}},"7":{"start":{"line":21,"column":32},"end":{"line":21,"column":null}},"8":{"start":{"line":22,"column":19},"end":{"line":22,"column":null}},"9":{"start":{"line":24,"column":2},"end":{"line":42,"column":null}},"10":{"start":{"line":26,"column":4},"end":{"line":30,"column":null}},"11":{"start":{"line":27,"column":6},"end":{"line":27,"column":null}},"12":{"start":{"line":28,"column":6},"end":{"line":28,"column":null}},"13":{"start":{"line":29,"column":6},"end":{"line":29,"column":null}},"14":{"start":{"line":35,"column":8},"end":{"line":39,"column":null}},"15":{"start":{"line":36,"column":6},"end":{"line":36,"column":null}},"16":{"start":{"line":37,"column":6},"end":{"line":37,"column":null}},"17":{"start":{"line":38,"column":6},"end":{"line":38,"column":null}},"18":{"start":{"line":41,"column":4},"end":{"line":41,"column":null}},"19":{"start":{"line":41,"column":17},"end":{"line":41,"column":null}},"20":{"start":{"line":44,"column":27},"end":{"line":55,"column":null}},"21":{"start":{"line":45,"column":22},"end":{"line":50,"column":null}},"22":{"start":{"line":51,"column":4},"end":{"line":54,"column":null}},"23":{"start":{"line":52,"column":6},"end":{"line":52,"column":null}},"24":{"start":{"line":53,"column":6},"end":{"line":53,"column":null}},"25":{"start":{"line":57,"column":18},"end":{"line":63,"column":null}},"26":{"start":{"line":58,"column":22},"end":{"line":58,"column":null}},"27":{"start":{"line":59,"column":4},"end":{"line":62,"column":null}},"28":{"start":{"line":60,"column":6},"end":{"line":60,"column":null}},"29":{"start":{"line":61,"column":6},"end":{"line":61,"column":null}},"30":{"start":{"line":73,"column":18},"end":{"line":73,"column":null}},"31":{"start":{"line":74,"column":2},"end":{"line":76,"column":null}},"32":{"start":{"line":75,"column":4},"end":{"line":75,"column":null}},"33":{"start":{"line":77,"column":2},"end":{"line":77,"column":null}}},"fnMap":{"0":{"name":"AuthProvider","decl":{"start":{"line":18,"column":16},"end":{"line":18,"column":28}},"loc":{"start":{"line":18,"column":72},"end":{"line":70,"column":null}}},"1":{"name":"(anonymous_4)","decl":{"start":{"line":24,"column":12},"end":{"line":24,"column":null}},"loc":{"start":{"line":24,"column":12},"end":{"line":42,"column":5}}},"2":{"name":"(anonymous_5)","decl":{"start":{"line":26,"column":36},"end":{"line":26,"column":37}},"loc":{"start":{"line":26,"column":58},"end":{"line":30,"column":null}}},"3":{"name":"(anonymous_6)","decl":{"start":{"line":35,"column":40},"end":{"line":35,"column":41}},"loc":{"start":{"line":35,"column":49},"end":{"line":39,"column":null}}},"4":{"name":"(anonymous_7)","decl":{"start":{"line":41,"column":11},"end":{"line":41,"column":17}},"loc":{"start":{"line":41,"column":17},"end":{"line":41,"column":null}}},"5":{"name":"(anonymous_8)","decl":{"start":{"line":44,"column":27},"end":{"line":44,"column":null}},"loc":{"start":{"line":44,"column":27},"end":{"line":55,"column":null}}},"6":{"name":"(anonymous_9)","decl":{"start":{"line":57,"column":18},"end":{"line":57,"column":null}},"loc":{"start":{"line":57,"column":18},"end":{"line":63,"column":null}}},"7":{"name":"useAuth","decl":{"start":{"line":72,"column":16},"end":{"line":72,"column":23}},"loc":{"start":{"line":72,"column":16},"end":{"line":78,"column":null}}}},"branchMap":{"0":{"loc":{"start":{"line":28,"column":14},"end":{"line":28,"column":null}},"type":"binary-expr","locations":[{"start":{"line":28,"column":14},"end":{"line":28,"column":31}},{"start":{"line":28,"column":31},"end":{"line":28,"column":null}}]},"1":{"loc":{"start":{"line":37,"column":14},"end":{"line":37,"column":null}},"type":"binary-expr","locations":[{"start":{"line":37,"column":14},"end":{"line":37,"column":31}},{"start":{"line":37,"column":31},"end":{"line":37,"column":null}}]},"2":{"loc":{"start":{"line":51,"column":4},"end":{"line":54,"column":null}},"type":"if","locations":[{"start":{"line":51,"column":4},"end":{"line":54,"column":null}},{"start":{},"end":{}}]},"3":{"loc":{"start":{"line":59,"column":4},"end":{"line":62,"column":null}},"type":"if","locations":[{"start":{"line":59,"column":4},"end":{"line":62,"column":null}},{"start":{},"end":{}}]},"4":{"loc":{"start":{"line":74,"column":2},"end":{"line":76,"column":null}},"type":"if","locations":[{"start":{"line":74,"column":2},"end":{"line":76,"column":null}},{"start":{},"end":{}}]}},"s":{"0":0,"1":0,"2":0,"3":0,"4":0,"5":0,"6":0,"7":0,"8":0,"9":0,"10":0,"11":0,"12":0,"13":0,"14":0,"15":0,"16":0,"17":0,"18":0,"19":0,"20":0,"21":0,"22":0,"23":0,"24":0,"25":0,"26":0,"27":0,"28":0,"29":0,"30":0,"31":0,"32":0,"33":0},"f":{"0":0,"1":0,"2":0,"3":0,"4":0,"5":0,"6":0,"7":0},"b":{"0":[0,0],"1":[0,0],"2":[0,0],"3":[0,0],"4":[0,0]}}
,"/Users/jgp/GitHub/pi-que/contexts/query-provider.tsx": {"path":"/Users/jgp/GitHub/pi-que/contexts/query-provider.tsx","statementMap":{"0":{"start":{"line":55,"column":16},"end":{"line":55,"column":29}},"1":{"start":{"line":132,"column":13},"end":{"line":132,"column":22}},"2":{"start":{"line":78,"column":13},"end":{"line":78,"column":23}},"3":{"start":{"line":75,"column":9},"end":{"line":75,"column":null}},"4":{"start":{"line":3,"column":32},"end":{"line":3,"column":null}},"5":{"start":{"line":4,"column":49},"end":{"line":4,"column":null}},"6":{"start":{"line":5,"column":35},"end":{"line":5,"column":null}},"7":{"start":{"line":12,"column":26},"end":{"line":53,"column":null}},"8":{"start":{"line":13,"column":2},"end":{"line":52,"column":null}},"9":{"start":{"line":23,"column":10},"end":{"line":32,"column":null}},"10":{"start":{"line":25,"column":12},"end":{"line":27,"column":null}},"11":{"start":{"line":26,"column":14},"end":{"line":26,"column":null}},"12":{"start":{"line":29,"column":12},"end":{"line":31,"column":null}},"13":{"start":{"line":30,"column":14},"end":{"line":30,"column":null}},"14":{"start":{"line":35,"column":10},"end":{"line":35,"column":null}},"15":{"start":{"line":39,"column":10},"end":{"line":39,"column":null}},"16":{"start":{"line":47,"column":10},"end":{"line":47,"column":null}},"17":{"start":{"line":57,"column":24},"end":{"line":57,"column":null}},"18":{"start":{"line":57,"column":39},"end":{"line":57,"column":null}},"19":{"start":{"line":78,"column":26},"end":{"line":129,"column":null}},"20":{"start":{"line":81,"column":4},"end":{"line":81,"column":null}},"21":{"start":{"line":86,"column":4},"end":{"line":86,"column":null}},"22":{"start":{"line":91,"column":4},"end":{"line":91,"column":null}},"23":{"start":{"line":96,"column":4},"end":{"line":96,"column":null}},"24":{"start":{"line":101,"column":4},"end":{"line":101,"column":null}},"25":{"start":{"line":111,"column":4},"end":{"line":115,"column":null}},"26":{"start":{"line":124,"column":4},"end":{"line":127,"column":null}},"27":{"start":{"line":132,"column":25},"end":{"line":150,"column":null}},"28":{"start":{"line":135,"column":27},"end":{"line":135,"column":null}},"29":{"start":{"line":136,"column":36},"end":{"line":136,"column":null}},"30":{"start":{"line":140,"column":4},"end":{"line":140,"column":null}},"31":{"start":{"line":141,"column":37},"end":{"line":141,"column":null}},"32":{"start":{"line":144,"column":24},"end":{"line":144,"column":null}},"33":{"start":{"line":145,"column":31},"end":{"line":145,"column":null}},"34":{"start":{"line":149,"column":36},"end":{"line":149,"column":null}}},"fnMap":{"0":{"name":"(anonymous_8)","decl":{"start":{"line":12,"column":26},"end":{"line":12,"column":null}},"loc":{"start":{"line":12,"column":26},"end":{"line":53,"column":null}}},"1":{"name":"(anonymous_9)","decl":{"start":{"line":21,"column":15},"end":{"line":21,"column":16}},"loc":{"start":{"line":21,"column":30},"end":{"line":36,"column":null}}},"2":{"name":"(anonymous_10)","decl":{"start":{"line":37,"column":20},"end":{"line":37,"column":21}},"loc":{"start":{"line":37,"column":21},"end":{"line":40,"column":null}}},"3":{"name":"(anonymous_11)","decl":{"start":{"line":46,"column":17},"end":{"line":46,"column":18}},"loc":{"start":{"line":46,"column":18},"end":{"line":49,"column":null}}},"4":{"name":"QueryProvider","decl":{"start":{"line":55,"column":16},"end":{"line":55,"column":29}},"loc":{"start":{"line":55,"column":62},"end":{"line":72,"column":null}}},"5":{"name":"(anonymous_13)","decl":{"start":{"line":57,"column":33},"end":{"line":57,"column":39}},"loc":{"start":{"line":57,"column":39},"end":{"line":57,"column":null}}},"6":{"name":"(anonymous_14)","decl":{"start":{"line":80,"column":21},"end":{"line":80,"column":22}},"loc":{"start":{"line":80,"column":48},"end":{"line":82,"column":null}}},"7":{"name":"(anonymous_15)","decl":{"start":{"line":85,"column":16},"end":{"line":85,"column":21}},"loc":{"start":{"line":85,"column":68},"end":{"line":87,"column":null}}},"8":{"name":"(anonymous_16)","decl":{"start":{"line":90,"column":16},"end":{"line":90,"column":21}},"loc":{"start":{"line":90,"column":47},"end":{"line":92,"column":null}}},"9":{"name":"(anonymous_17)","decl":{"start":{"line":95,"column":9},"end":{"line":95,"column":10}},"loc":{"start":{"line":95,"column":10},"end":{"line":97,"column":null}}},"10":{"name":"(anonymous_18)","decl":{"start":{"line":100,"column":17},"end":{"line":100,"column":18}},"loc":{"start":{"line":100,"column":44},"end":{"line":102,"column":null}}},"11":{"name":"(anonymous_19)","decl":{"start":{"line":105,"column":17},"end":{"line":105,"column":null}},"loc":{"start":{"line":109,"column":4},"end":{"line":116,"column":null}}},"12":{"name":"(anonymous_20)","decl":{"start":{"line":119,"column":14},"end":{"line":119,"column":null}},"loc":{"start":{"line":122,"column":4},"end":{"line":128,"column":null}}},"13":{"name":"(anonymous_21)","decl":{"start":{"line":135,"column":11},"end":{"line":135,"column":12}},"loc":{"start":{"line":135,"column":27},"end":{"line":135,"column":null}}},"14":{"name":"(anonymous_22)","decl":{"start":{"line":136,"column":16},"end":{"line":136,"column":17}},"loc":{"start":{"line":136,"column":36},"end":{"line":136,"column":null}}},"15":{"name":"(anonymous_23)","decl":{"start":{"line":139,"column":17},"end":{"line":139,"column":18}},"loc":{"start":{"line":140,"column":4},"end":{"line":140,"column":null}}},"16":{"name":"(anonymous_24)","decl":{"start":{"line":141,"column":16},"end":{"line":141,"column":17}},"loc":{"start":{"line":141,"column":37},"end":{"line":141,"column":null}}},"17":{"name":"(anonymous_25)","decl":{"start":{"line":144,"column":8},"end":{"line":144,"column":9}},"loc":{"start":{"line":144,"column":24},"end":{"line":144,"column":null}}},"18":{"name":"(anonymous_26)","decl":{"start":{"line":145,"column":15},"end":{"line":145,"column":16}},"loc":{"start":{"line":145,"column":31},"end":{"line":145,"column":null}}},"19":{"name":"(anonymous_27)","decl":{"start":{"line":149,"column":16},"end":{"line":149,"column":17}},"loc":{"start":{"line":149,"column":36},"end":{"line":149,"column":null}}}},"branchMap":{"0":{"loc":{"start":{"line":23,"column":10},"end":{"line":32,"column":null}},"type":"if","locations":[{"start":{"line":23,"column":10},"end":{"line":32,"column":null}},{"start":{},"end":{}}]},"1":{"loc":{"start":{"line":25,"column":12},"end":{"line":27,"column":null}},"type":"if","locations":[{"start":{"line":25,"column":12},"end":{"line":27,"column":null}},{"start":{},"end":{}}]},"2":{"loc":{"start":{"line":25,"column":16},"end":{"line":25,"column":80}},"type":"binary-expr","locations":[{"start":{"line":25,"column":16},"end":{"line":25,"column":49}},{"start":{"line":25,"column":49},"end":{"line":25,"column":80}}]},"3":{"loc":{"start":{"line":29,"column":12},"end":{"line":31,"column":null}},"type":"if","locations":[{"start":{"line":29,"column":12},"end":{"line":31,"column":null}},{"start":{},"end":{}}]},"4":{"loc":{"start":{"line":63,"column":7},"end":{"line":63,"column":null}},"type":"binary-expr","locations":[{"start":{"line":63,"column":7},"end":{"line":63,"column":null}}]}},"s":{"0":0,"1":0,"2":0,"3":0,"4":0,"5":0,"6":0,"7":0,"8":0,"9":0,"10":0,"11":0,"12":0,"13":0,"14":0,"15":0,"16":0,"17":0,"18":0,"19":0,"20":0,"21":0,"22":0,"23":0,"24":0,"25":0,"26":0,"27":0,"28":0,"29":0,"30":0,"31":0,"32":0,"33":0,"34":0},"f":{"0":0,"1":0,"2":0,"3":0,"4":0,"5":0,"6":0,"7":0,"8":0,"9":0,"10":0,"11":0,"12":0,"13":0,"14":0,"15":0,"16":0,"17":0,"18":0,"19":0},"b":{"0":[0,0],"1":[0,0],"2":[0,0],"3":[0,0],"4":[0]}}
,"/Users/jgp/GitHub/pi-que/hooks/use-project.ts": {"path":"/Users/jgp/GitHub/pi-que/hooks/use-project.ts","statementMap":{"0":{"start":{"line":8,"column":16},"end":{"line":8,"column":null}},"1":{"start":{"line":3,"column":38},"end":{"line":3,"column":null}},"2":{"start":{"line":4,"column":24},"end":{"line":4,"column":null}},"3":{"start":{"line":5,"column":22},"end":{"line":5,"column":null}},"4":{"start":{"line":9,"column":28},"end":{"line":9,"column":null}},"5":{"start":{"line":10,"column":50},"end":{"line":10,"column":null}},"6":{"start":{"line":11,"column":40},"end":{"line":11,"column":null}},"7":{"start":{"line":12,"column":54},"end":{"line":12,"column":null}},"8":{"start":{"line":13,"column":52},"end":{"line":13,"column":null}},"9":{"start":{"line":14,"column":46},"end":{"line":14,"column":null}},"10":{"start":{"line":15,"column":34},"end":{"line":15,"column":null}},"11":{"start":{"line":16,"column":28},"end":{"line":16,"column":null}},"12":{"start":{"line":17,"column":52},"end":{"line":17,"column":null}},"13":{"start":{"line":18,"column":50},"end":{"line":18,"column":null}},"14":{"start":{"line":19,"column":34},"end":{"line":19,"column":null}},"15":{"start":{"line":20,"column":42},"end":{"line":20,"column":null}},"16":{"start":{"line":22,"column":27},"end":{"line":68,"column":null}},"17":{"start":{"line":23,"column":4},"end":{"line":28,"column":null}},"18":{"start":{"line":24,"column":6},"end":{"line":24,"column":null}},"19":{"start":{"line":25,"column":6},"end":{"line":25,"column":null}},"20":{"start":{"line":26,"column":6},"end":{"line":26,"column":null}},"21":{"start":{"line":27,"column":6},"end":{"line":27,"column":null}},"22":{"start":{"line":30,"column":4},"end":{"line":67,"column":null}},"23":{"start":{"line":31,"column":23},"end":{"line":38,"column":null}},"24":{"start":{"line":40,"column":19},"end":{"line":40,"column":null}},"25":{"start":{"line":42,"column":6},"end":{"line":60,"column":null}},"26":{"start":{"line":43,"column":8},"end":{"line":43,"column":null}},"27":{"start":{"line":44,"column":8},"end":{"line":44,"column":null}},"28":{"start":{"line":45,"column":8},"end":{"line":45,"column":null}},"29":{"start":{"line":46,"column":8},"end":{"line":46,"column":null}},"30":{"start":{"line":47,"column":8},"end":{"line":47,"column":null}},"31":{"start":{"line":48,"column":8},"end":{"line":48,"column":null}},"32":{"start":{"line":49,"column":8},"end":{"line":49,"column":null}},"33":{"start":{"line":50,"column":8},"end":{"line":50,"column":null}},"34":{"start":{"line":52,"column":8},"end":{"line":55,"column":null}},"35":{"start":{"line":57,"column":8},"end":{"line":57,"column":null}},"36":{"start":{"line":59,"column":8},"end":{"line":59,"column":null}},"37":{"start":{"line":62,"column":6},"end":{"line":62,"column":null}},"38":{"start":{"line":63,"column":6},"end":{"line":63,"column":null}},"39":{"start":{"line":64,"column":6},"end":{"line":64,"column":null}},"40":{"start":{"line":65,"column":6},"end":{"line":65,"column":null}},"41":{"start":{"line":66,"column":6},"end":{"line":66,"column":null}},"42":{"start":{"line":70,"column":22},"end":{"line":106,"column":null}},"43":{"start":{"line":71,"column":4},"end":{"line":105,"column":null}},"44":{"start":{"line":72,"column":23},"end":{"line":72,"column":null}},"45":{"start":{"line":73,"column":19},"end":{"line":73,"column":null}},"46":{"start":{"line":75,"column":6},"end":{"line":96,"column":null}},"47":{"start":{"line":76,"column":24},"end":{"line":76,"column":36}},"48":{"start":{"line":78,"column":8},"end":{"line":78,"column":null}},"49":{"start":{"line":79,"column":8},"end":{"line":79,"column":null}},"50":{"start":{"line":80,"column":8},"end":{"line":80,"column":null}},"51":{"start":{"line":81,"column":8},"end":{"line":81,"column":null}},"52":{"start":{"line":82,"column":8},"end":{"line":82,"column":null}},"53":{"start":{"line":83,"column":8},"end":{"line":83,"column":null}},"54":{"start":{"line":84,"column":8},"end":{"line":84,"column":null}},"55":{"start":{"line":85,"column":8},"end":{"line":85,"column":null}},"56":{"start":{"line":86,"column":8},"end":{"line":86,"column":null}},"57":{"start":{"line":88,"column":8},"end":{"line":91,"column":null}},"58":{"start":{"line":93,"column":8},"end":{"line":93,"column":null}},"59":{"start":{"line":95,"column":8},"end":{"line":95,"column":null}},"60":{"start":{"line":98,"column":6},"end":{"line":98,"column":null}},"61":{"start":{"line":99,"column":6},"end":{"line":103,"column":null}},"62":{"start":{"line":104,"column":6},"end":{"line":104,"column":null}},"63":{"start":{"line":108,"column":22},"end":{"line":191,"column":null}},"64":{"start":{"line":110,"column":6},"end":{"line":119,"column":null}},"65":{"start":{"line":111,"column":8},"end":{"line":117,"column":null}},"66":{"start":{"line":112,"column":10},"end":{"line":116,"column":null}},"67":{"start":{"line":118,"column":8},"end":{"line":118,"column":null}},"68":{"start":{"line":121,"column":6},"end":{"line":121,"column":null}},"69":{"start":{"line":122,"column":6},"end":{"line":189,"column":null}},"70":{"start":{"line":123,"column":28},"end":{"line":134,"column":null}},"71":{"start":{"line":126,"column":54},"end":{"line":129,"column":null}},"72":{"start":{"line":130,"column":45},"end":{"line":133,"column":null}},"73":{"start":{"line":136,"column":24},"end":{"line":139,"column":null}},"74":{"start":{"line":142,"column":8},"end":{"line":154,"column":null}},"75":{"start":{"line":143,"column":10},"end":{"line":147,"column":null}},"76":{"start":{"line":149,"column":10},"end":{"line":153,"column":null}},"77":{"start":{"line":156,"column":21},"end":{"line":156,"column":null}},"78":{"start"
[...]
,"/Users/jgp/GitHub/pi-que/utils/common/id.ts": {"path":"/Users/jgp/GitHub/pi-que/utils/common/id.ts","statementMap":{"0":{"start":{"line":8,"column":16},"end":{"line":8,"column":26}},"1":{"start":{"line":19,"column":16},"end":{"line":19,"column":31}},"2":{"start":{"line":26,"column":16},"end":{"line":26,"column":35}},"3":{"start":{"line":9,"column":2},"end":{"line":13,"column":null}},"4":{"start":{"line":10,"column":14},"end":{"line":10,"column":null}},"5":{"start":{"line":11,"column":14},"end":{"line":11,"column":null}},"6":{"start":{"line":12,"column":4},"end":{"line":12,"column":null}},"7":{"start":{"line":20,"column":2},"end":{"line":20,"column":null}},"8":{"start":{"line":27,"column":2},"end":{"line":27,"column":null}}},"fnMap":{"0":{"name":"generateId","decl":{"start":{"line":8,"column":16},"end":{"line":8,"column":26}},"loc":{"start":{"line":8,"column":16},"end":{"line":14,"column":null}}},"1":{"name":"(anonymous_5)","decl":{"start":{"line":9,"column":65},"end":{"line":9,"column":74}},"loc":{"start":{"line":9,"column":75},"end":{"line":13,"column":null}}},"2":{"name":"generateShortId","decl":{"start":{"line":19,"column":16},"end":{"line":19,"column":31}},"loc":{"start":{"line":19,"column":16},"end":{"line":21,"column":null}}},"3":{"name":"generateTimestampId","decl":{"start":{"line":26,"column":16},"end":{"line":26,"column":35}},"loc":{"start":{"line":26,"column":16},"end":{"line":28,"column":null}}}},"branchMap":{"0":{"loc":{"start":{"line":11,"column":14},"end":{"line":11,"column":null}},"type":"cond-expr","locations":[{"start":{"line":11,"column":26},"end":{"line":11,"column":31}},{"start":{"line":11,"column":31},"end":{"line":11,"column":null}}]}},"s":{"0":0,"1":0,"2":0,"3":0,"4":0,"5":0,"6":0,"7":0,"8":0},"f":{"0":0,"1":0,"2":0,"3":0},"b":{"0":[0,0]}}
,"/Users/jgp/GitHub/pi-que/utils/time/formatDuration.ts": {"path":"/Users/jgp/GitHub/pi-que/utils/time/formatDuration.ts","statementMap":{"0":{"start":{"line":6,"column":16},"end":{"line":6,"column":30}},"1":{"start":{"line":25,"column":16},"end":{"line":25,"column":36}},"2":{"start":{"line":34,"column":16},"end":{"line":34,"column":29}},"3":{"start":{"line":7,"column":2},"end":{"line":7,"column":null}},"4":{"start":{"line":7,"column":53},"end":{"line":7,"column":null}},"5":{"start":{"line":9,"column":16},"end":{"line":9,"column":null}},"6":{"start":{"line":10,"column":18},"end":{"line":10,"column":null}},"7":{"start":{"line":11,"column":27},"end":{"line":11,"column":null}},"8":{"start":{"line":13,"column":2},"end":{"line":15,"column":null}},"9":{"start":{"line":14,"column":4},"end":{"line":14,"column":null}},"10":{"start":{"line":17,"column":2},"end":{"line":17,"column":null}},"11":{"start":{"line":26,"column":2},"end":{"line":26,"column":null}},"12":{"start":{"line":35,"column":2},"end":{"line":35,"column":null}},"13":{"start":{"line":35,"column":53},"end":{"line":35,"column":null}},"14":{"start":{"line":37,"column":16},"end":{"line":37,"column":null}},"15":{"start":{"line":37,"column":50},"end":{"line":37,"column":null}},"16":{"start":{"line":40,"column":2},"end":{"line":40,"column":null}},"17":{"start":{"line":40,"column":25},"end":{"line":40,"column":39}},"18":{"start":{"line":40,"column":39},"end":{"line":40,"column":null}},"19":{"start":{"line":42,"column":2},"end":{"line":50,"column":null}},"20":{"start":{"line":44,"column":31},"end":{"line":44,"column":null}},"21":{"start":{"line":45,"column":4},"end":{"line":45,"column":null}},"22":{"start":{"line":46,"column":9},"end":{"line":50,"column":null}},"23":{"start":{"line":48,"column":38},"end":{"line":48,"column":null}},"24":{"start":{"line":49,"column":4},"end":{"line":49,"column":null}},"25":{"start":{"line":52,"column":2},"end":{"line":52,"column":null}}},"fnMap":{"0":{"name":"formatDuration","decl":{"start":{"line":6,"column":16},"end":{"line":6,"column":30}},"loc":{"start":{"line":6,"column":46},"end":{"line":18,"column":null}}},"1":{"name":"formatDurationFromMs","decl":{"start":{"line":25,"column":16},"end":{"line":25,"column":36}},"loc":{"start":{"line":25,"column":57},"end":{"line":27,"column":null}}},"2":{"name":"parseDuration","decl":{"start":{"line":34,"column":16},"end":{"line":34,"column":29}},"loc":{"start":{"line":34,"column":48},"end":{"line":53,"column":null}}},"3":{"name":"(anonymous_7)","decl":{"start":{"line":37,"column":42},"end":{"line":37,"column":50}},"loc":{"start":{"line":37,"column":50},"end":{"line":37,"column":null}}},"4":{"name":"(anonymous_8)","decl":{"start":{"line":40,"column":17},"end":{"line":40,"column":25}},"loc":{"start":{"line":40,"column":25},"end":{"line":40,"column":39}}}},"branchMap":{"0":{"loc":{"start":{"line":7,"column":2},"end":{"line":7,"column":null}},"type":"if","locations":[{"start":{"line":7,"column":2},"end":{"line":7,"column":null}},{"start":{},"end":{}}]},"1":{"loc":{"start":{"line":7,"column":6},"end":{"line":7,"column":53}},"type":"binary-expr","locations":[{"start":{"line":7,"column":6},"end":{"line":7,"column":18}},{"start":{"line":7,"column":18},"end":{"line":7,"column":33}},{"start":{"line":7,"column":33},"end":{"line":7,"column":53}}]},"2":{"loc":{"start":{"line":13,"column":2},"end":{"line":15,"column":null}},"type":"if","locations":[{"start":{"line":13,"column":2},"end":{"line":15,"column":null}},{"start":{},"end":{}}]},"3":{"loc":{"start":{"line":35,"column":2},"end":{"line":35,"column":null}},"type":"if","locations":[{"start":{"line":35,"column":2},"end":{"line":35,"column":null}},{"start":{},"end":{}}]},"4":{"loc":{"start":{"line":35,"column":6},"end":{"line":35,"column":53}},"type":"binary-expr","locations":[{"start":{"line":35,"column":6},"end":{"line":35,"column":21}},{"start":{"line":35,"column":21},"end":{"line":35,"column":53}}]},"5":{"loc":{"start":{"line":40,"column":2},"end":{"line":40,"column":null}},"type":"if","locations":[{"start":{"line":40,"column":2},"end":{"line":40,"column":null}},{"start":{},"end":{}}]},"6":{"loc":{"start":{"line":42,"column":2},"end":{"line":50,"column":null}},"type":"if","locations":[{"start":{"line":42,"column":2},"end":{"line":50,"column":null}},{"start":{"line":46,"column":9},"end":{"line":50,"column":null}}]},"7":{"loc":{"start":{"line":46,"column":9},"end":{"line":50,"column":null}},"type":"if","locations":[{"start":{"line":46,"column":9},"end":{"line":50,"column":null}},{"start":{},"end":{}}]}},"s":{"0":17,"1":8,"2":22,"3":25,"4":8,"5":17,"6":17,"7":17,"8":17,"9":7,"10":10,"11":8,"12":22,"13":1,"14":21,"15":48,"16":21,"17":47,"18":3,"19":18,"20":10,"21":10,"22":8,"23":6,"24":6,"25":2},"f":{"0":25,"1":8,"2":22,"3":48,"4":47},"b":{"0":[8,17],"1":[25,21,19],"2":[7,10],"3":[1,21],"4":[22,21],"5":[3,18],"6":[10,8],"7":[6,2]}}
,"/Users/jgp/GitHub/pi-que/utils/time/time-formatter.ts": {"path":"/Users/jgp/GitHub/pi-que/utils/time/time-formatter.ts","statementMap":{"0":{"start":{"line":7,"column":13},"end":{"line":7,"column":null}},"1":{"start":{"line":12,"column":18},"end":{"line":12,"column":null}},"2":{"start":{"line":13,"column":20},"end":{"line":13,"column":null}},"3":{"start":{"line":14,"column":29},"end":{"line":14,"column":null}},"4":{"start":{"line":16,"column":4},"end":{"line":18,"column":null}},"5":{"start":{"line":17,"column":6},"end":{"line":17,"column":null}},"6":{"start":{"line":20,"column":4},"end":{"line":20,"column":null}},"7":{"start":{"line":27,"column":18},"end":{"line":27,"column":null}},"8":{"start":{"line":27,"column":52},"end":{"line":27,"column":null}},"9":{"start":{"line":29,"column":4},"end":{"line":37,"column":null}},"10":{"start":{"line":31,"column":33},"end":{"line":31,"column":null}},"11":{"start":{"line":32,"column":6},"end":{"line":32,"column":null}},"12":{"start":{"line":33,"column":11},"end":{"line":37,"column":null}},"13":{"start":{"line":35,"column":40},"end":{"line":35,"column":null}},"14":{"start":{"line":36,"column":6},"end":{"line":36,"column":null}},"15":{"start":{"line":39,"column":4},"end":{"line":39,"column":null}},"16":{"start":{"line":46,"column":25},"end":{"line":46,"column":null}},"17":{"start":{"line":48,"column":4},"end":{"line":52,"column":null}},"18":{"start":{"line":59,"column":4},"end":{"line":61,"column":null}},"19":{"start":{"line":60,"column":6},"end":{"line":60,"column":null}},"20":{"start":{"line":63,"column":4},"end":{"line":63,"column":null}},"21":{"start":{"line":70,"column":4},"end":{"line":85,"column":null}},"22":{"start":{"line":71,"column":20},"end":{"line":71,"column":null}},"23":{"start":{"line":72,"column":18},"end":{"line":72,"column":null}},"24":{"start":{"line":74,"column":6},"end":{"line":76,"column":null}},"25":{"start":{"line":75,"column":8},"end":{"line":75,"column":null}},"26":{"start":{"line":78,"column":6},"end":{"line":80,"column":null}},"27":{"start":{"line":79,"column":8},"end":{"line":79,"column":null}},"28":{"start":{"line":82,"column":6},"end":{"line":82,"column":null}},"29":{"start":{"line":84,"column":6},"end":{"line":84,"column":null}},"30":{"start":{"line":92,"column":18},"end":{"line":92,"column":null}},"31":{"start":{"line":93,"column":16},"end":{"line":93,"column":null}},"32":{"start":{"line":94,"column":21},"end":{"line":94,"column":null}},"33":{"start":{"line":96,"column":4},"end":{"line":96,"column":null}}},"fnMap":{"0":{"name":"(anonymous_1)","decl":{"start":{"line":11,"column":2},"end":{"line":11,"column":9}},"loc":{"start":{"line":11,"column":48},"end":{"line":21,"column":null}}},"1":{"name":"(anonymous_2)","decl":{"start":{"line":26,"column":2},"end":{"line":26,"column":9}},"loc":{"start":{"line":26,"column":51},"end":{"line":40,"column":null}}},"2":{"name":"(anonymous_3)","decl":{"start":{"line":27,"column":44},"end":{"line":27,"column":52}},"loc":{"start":{"line":27,"column":52},"end":{"line":27,"column":null}}},"3":{"name":"(anonymous_4)","decl":{"start":{"line":45,"column":2},"end":{"line":45,"column":9}},"loc":{"start":{"line":45,"column":51},"end":{"line":53,"column":null}}},"4":{"name":"(anonymous_5)","decl":{"start":{"line":58,"column":2},"end":{"line":58,"column":9}},"loc":{"start":{"line":58,"column":46},"end":{"line":64,"column":null}}},"5":{"name":"(anonymous_6)","decl":{"start":{"line":69,"column":2},"end":{"line":69,"column":9}},"loc":{"start":{"line":69,"column":96},"end":{"line":86,"column":null}}},"6":{"name":"(anonymous_7)","decl":{"start":{"line":91,"column":2},"end":{"line":91,"column":9}},"loc":{"start":{"line":91,"column":71},"end":{"line":97,"column":null}}}},"branchMap":{"0":{"loc":{"start":{"line":16,"column":4},"end":{"line":18,"column":null}},"type":"if","locations":[{"start":{"line":16,"column":4},"end":{"line":18,"column":null}},{"start":{},"end":{}}]},"1":{"loc":{"start":{"line":29,"column":4},"end":{"line":37,"column":null}},"type":"if","locations":[{"start":{"line":29,"column":4},"end":{"line":37,"column":null}},{"start":{"line":33,"column":11},"end":{"line":37,"column":null}}]},"2":{"loc":{"start":{"line":33,"column":11},"end":{"line":37,"column":null}},"type":"if","locations":[{"start":{"line":33,"column":11},"end":{"line":37,"column":null}},{"start":{},"end":{}}]},"3":{"loc":{"start":{"line":59,"column":4},"end":{"line":61,"column":null}},"type":"if","locations":[{"start":{"line":59,"column":4},"end":{"line":61,"column":null}},{"start":{},"end":{}}]},"4":{"loc":{"start":{"line":74,"column":6},"end":{"line":76,"column":null}},"type":"if","locations":[{"start":{"line":74,"column":6},"end":{"line":76,"column":null}},{"start":{},"end":{}}]},"5":{"loc":{"start":{"line":78,"column":6},"end":{"line":80,"column":null}},"type":"if","locations":[{"start":{"line":78,"column":6},"end":{"line":80,"column":null}},{"start":{},"end":{}}]},"6":{"loc":{"start":{"line":78,"column":10},"end":{"line":78,"column":75}},"type":"binary-expr","locations":[{"start":{"line":78,"column":10},"end":{"line":78,"column":28}},{"start":{"line":78,"column":28},"end":{"line":78,"column":53}},{"start":{"line":78,"column":53},"end":{"line":78,"column":71}}]}},"s":{"0":0,"1":0,"2":0,"3":0,"4":0,"5":0,"6":0,"7":0,"8":0,"9":0,"10":0,"11":0,"12":0,"13":0,"14":0,"15":0,"16":0,"17":0,"18":0,"19":0,"20":0,"21":0,"22":0,"23":0,"24":0,"25":0,"26":0,"27":0,"28":0,"29":0,"30":0,"31":0,"32":0,"33":0},"f":{"0":0,"1":0,"2":0,"3":0,"4":0,"5":0,"6":0},"b":{"0":[0,0],"1":[0,0],"2":[0,0],"3":[0,0],"4":[0,0],"5":[0,0],"6":[0,0,0]}}
,"/Users/jgp/GitHub/pi-que/utils/video/video-url-parser.ts": {"path":"/Users/jgp/GitHub/pi-que/utils/video/video-url-parser.ts","statementMap":{"0":{"start":{"line":7,"column":13},"end":{"line":7,"column":null}},"1":{"start":{"line":8,"column":26},"end":{"line":12,"column":null}},"2":{"start":{"line":14,"column":26},"end":{"line":17,"column":null}},"3":{"start":{"line":21,"column":4},"end":{"line":26,"column":null}},"4":{"start":{"line":22,"column":20},"end":{"line":22,"column":null}},"5":{"start":{"line":23,"column":6},"end":{"line":25,"column":null}},"6":{"start":{"line":24,"column":8},"end":{"line":24,"column":null}},"7":{"start":{"line":29,"column":4},"end":{"line":34,"column":null}},"8":{"start":{"line":30,"column":20},"end":{"line":30,"column":null}},"9":{"start":{"line":31,"column":6},"end":{"line":33,"column":null}},"10":{"start":{"line":32,"column":8},"end":{"line":32,"column":null}},"11":{"start":{"line":36,"column":4},"end":{"line":36,"column":null}},"12":{"start":{"line":40,"column":20},"end":{"line":40,"column":null}},"13":{"start":{"line":41,"column":4},"end":{"line":43,"column":null}},"14":{"start":{"line":42,"column":6},"end":{"line":42,"column":null}},"15":{"start":{"line":45,"column":52},"end":{"line":45,"column":null}},"16":{"start":{"line":48,"column":4},"end":{"line":52,"column":null}},"17":{"start":{"line":49,"column":6},"end":{"line":49,"column":null}},"18":{"start":{"line":50,"column":11},"end":{"line":52,"column":null}},"19":{"start":{"line":51,"column":6},"end":{"line":51,"column":null}},"20":{"start":{"line":54,"column":4},"end":{"line":58,"column":null}},"21":{"start":{"line":62,"column":4},"end":{"line":66,"column":null}},"22":{"start":{"line":63,"column":6},"end":{"line":65,"column":null}},"23":{"start":{"line":64,"column":8},"end":{"line":64,"column":null}},"24":{"start":{"line":67,"column":4},"end":{"line":67,"column":null}},"25":{"start":{"line":71,"column":4},"end":{"line":75,"column":null}},"26":{"start":{"line":72,"column":6},"end":{"line":74,"column":null}},"27":{"start":{"line":73,"column":8},"end":{"line":73,"column":null}},"28":{"start":{"line":76,"column":4},"end":{"line":76,"column":null}},"29":{"start":{"line":80,"column":4},"end":{"line":80,"column":null}},"30":{"start":{"line":84,"column":20},"end":{"line":84,"column":null}},"31":{"start":{"line":85,"column":4},"end":{"line":87,"column":null}},"32":{"start":{"line":86,"column":6},"end":{"line":86,"column":null}},"33":{"start":{"line":88,"column":4},"end":{"line":88,"column":null}}},"fnMap":{"0":{"name":"(anonymous_1)","decl":{"start":{"line":19,"column":2},"end":{"line":19,"column":9}},"loc":{"start":{"line":19,"column":52},"end":{"line":37,"column":null}}},"1":{"name":"(anonymous_2)","decl":{"start":{"line":39,"column":2},"end":{"line":39,"column":9}},"loc":{"start":{"line":39,"column":57},"end":{"line":59,"column":null}}},"2":{"name":"(anonymous_3)","decl":{"start":{"line":61,"column":2},"end":{"line":61,"column":9}},"loc":{"start":{"line":61,"column":49},"end":{"line":68,"column":null}}},"3":{"name":"(anonymous_4)","decl":{"start":{"line":70,"column":2},"end":{"line":70,"column":9}},"loc":{"start":{"line":70,"column":47},"end":{"line":77,"column":null}}},"4":{"name":"(anonymous_5)","decl":{"start":{"line":79,"column":2},"end":{"line":79,"column":9}},"loc":{"start":{"line":79,"column":47},"end":{"line":81,"column":null}}},"5":{"name":"(anonymous_6)","decl":{"start":{"line":83,"column":2},"end":{"line":83,"column":9}},"loc":{"start":{"line":83,"column":57},"end":{"line":89,"column":null}}}},"branchMap":{"0":{"loc":{"start":{"line":23,"column":6},"end":{"line":25,"column":null}},"type":"if","locations":[{"start":{"line":23,"column":6},"end":{"line":25,"column":null}},{"start":{},"end":{}}]},"1":{"loc":{"start":{"line":23,"column":10},"end":{"line":23,"column":27}},"type":"binary-expr","locations":[{"start":{"line":23,"column":10},"end":{"line":23,"column":19}},{"start":{"line":23,"column":19},"end":{"line":23,"column":27}}]},"2":{"loc":{"start":{"line":31,"column":6},"end":{"line":33,"column":null}},"type":"if","locations":[{"start":{"line":31,"column":6},"end":{"line":33,"column":null}},{"start":{},"end":{}}]},"3":{"loc":{"start":{"line":31,"column":10},"end":{"line":31,"column":27}},"type":"binary-expr","locations":[{"start":{"line":31,"column":10},"end":{"line":31,"column":19}},{"start":{"line":31,"column":19},"end":{"line":31,"column":27}}]},"4":{"loc":{"start":{"line":41,"column":4},"end":{"line":43,"column":null}},"type":"if","locations":[{"start":{"line":41,"column":4},"end":{"line":43,"column":null}},{"start":{},"end":{}}]},"5":{"loc":{"start":{"line":48,"column":4},"end":{"line":52,"column":null}},"type":"if","locations":[{"start":{"line":48,"column":4},"end":{"line":52,"column":null}},{"start":{"line":50,"column":11},"end":{"line":52,"column":null}}]},"6":{"loc":{"start":{"line":48,"column":8},"end":{"line":48,"column":65}},"type":"binary-expr","locations":[{"start":{"line":48,"column":8},"end":{"line":48,"column":39}},{"start":{"line":48,"column":39},"end":{"line":48,"column":65}}]},"7":{"loc":{"start":{"line":50,"column":11},"end":{"line":52,"column":null}},"type":"if","locations":[{"start":{"line":50,"column":11},"end":{"line":52,"column":null}},{"start":{},"end":{}}]},"8":{"loc":{"start":{"line":63,"column":6},"end":{"line":65,"column":null}},"type":"if","locations":[{"start":{"line":63,"column":6},"end":{"line":65,"column":null}},{"start":{},"end":{}}]},"9":{"loc":{"start":{"line":72,"column":6},"end":{"line":74,"column":null}},"type":"if","locations":[{"start":{"line":72,"column":6},"end":{"line":74,"column":null}},{"start":{},"end":{}}]},"10":{"loc":{"start":{"line":80,"column":11},"end":{"line":80,"column":null}},"type":"binary-expr","locations":[{"start":{"line":80,"column":11},"end":{"line":80,"column":42}},{"start":{"line":80,"column":42},"end":{"line":80,"column":null}}]},"11":{"loc":{"start":{"line":85,"column":4},"end":{"line":87,"column":null}},"type":"if","locations":[{"start":{"line":85,"column":4},"end":{"line":87,"column":null}},{"start":{},"end":{}}]},"12":{"loc":{"start":{"line":85,"column":8},"end":{"line":85,"column":50}},"type":"binary-expr","locations":[{"start":{"line":85,"column":8},"end":{"line":85,"column":20}},{"start":{"line":85,"column":20},"end":{"line":85,"column":50}}]}},"s":{"0":0,"1":0,"2":0,"3":0,"4":0,"5":0,"6":0,"7":0,"8":0,"9":0,"10":0,"11":0,"12":0,"13":0,"14":0,"15":0,"16":0,"17":0,"18":0,"19":0,"20":0,"21":0,"22":0,"23":0,"24":0,"25":0,"26":0,"27":0,"28":0,"29":0,"30":0,"31":0,"32":0,"33":0},"f":{"0":0,"1":0,"2":0,"3":0,"4":0,"5":0},"b":{"0":[0,0],"1":[0,0],"2":[0,0],"3":[0,0],"4":[0,0],"5":[0,0],"6":[0,0],"7":[0,0],"8":[0,0],"9":[0,0],"10":[0,0],"11":[0,0],"12":[0,0]}}
}
